[ 2016-09-26T09:42:43+08:00 ] 127.0.0.1 /favicon.ico
INFO: [ app_init ] --START--
INFO: Run Behavior\BuildLiteBehavior [ RunTime:0.000030s ]
INFO: [ app_init ] --END-- [ RunTime:0.000523s ]
ERR: 无法加载模块:Favicon

[ 2016-09-26T15:32:29+08:00 ] 127.0.0.1 /view/Admin/Public/Css/base.css
INFO: [ app_init ] --START--
INFO: Run Behavior\BuildLiteBehavior [ RunTime:0.000029s ]
INFO: [ app_init ] --END-- [ RunTime:0.000498s ]
ERR: 无法加载模块:View

[ 2016-09-26T15:32:30+08:00 ] 127.0.0.1 /view/Admin/Public/Images/skin_icons.png
INFO: [ app_init ] --START--
INFO: Run Behavior\BuildLiteBehavior [ RunTime:0.000031s ]
INFO: [ app_init ] --END-- [ RunTime:0.000534s ]
ERR: 无法加载模块:View

[ 2016-09-26T15:37:43+08:00 ] 127.0.0.1 /view/Admin/Public/Css/base.css
INFO: [ app_init ] --START--
INFO: Run Behavior\BuildLiteBehavior [ RunTime:0.000026s ]
INFO: [ app_init ] --END-- [ RunTime:0.000432s ]
ERR: 无法加载模块:View

[ 2016-09-26T15:37:54+08:00 ] 127.0.0.1 /view/Admin/Public/Images/skin_icons.png
INFO: [ app_init ] --START--
INFO: Run Behavior\BuildLiteBehavior [ RunTime:0.000036s ]
INFO: [ app_init ] --END-- [ RunTime:0.000550s ]
ERR: 无法加载模块:View

[ 2016-09-26T15:38:32+08:00 ] 127.0.0.1 /view/Admin/Public/Css/base.css
INFO: [ app_init ] --START--
INFO: Run Behavior\BuildLiteBehavior [ RunTime:0.000029s ]
INFO: [ app_init ] --END-- [ RunTime:0.000533s ]
ERR: 无法加载模块:View

[ 2016-09-26T15:38:33+08:00 ] 127.0.0.1 /view/Admin/Public/Images/skin_icons.png
INFO: [ app_init ] --START--
INFO: Run Behavior\BuildLiteBehavior [ RunTime:0.000157s ]
INFO: [ app_init ] --END-- [ RunTime:0.001510s ]
ERR: 无法加载模块:View

[ 2016-09-26T15:38:48+08:00 ] 127.0.0.1 /view/Admin/Public/Css/base.css
INFO: [ app_init ] --START--
INFO: Run Behavior\BuildLiteBehavior [ RunTime:0.000030s ]
INFO: [ app_init ] --END-- [ RunTime:0.000537s ]
ERR: 无法加载模块:View

[ 2016-09-26T15:38:48+08:00 ] 127.0.0.1 /view/Admin/Public/Images/skin_icons.png
INFO: [ app_init ] --START--
INFO: Run Behavior\BuildLiteBehavior [ RunTime:0.000028s ]
INFO: [ app_init ] --END-- [ RunTime:0.000652s ]
ERR: 无法加载模块:View

[ 2016-09-26T15:39:25+08:00 ] 127.0.0.1 /view/Admin/Public/Css/base.css
INFO: [ app_init ] --START--
INFO: Run Behavior\BuildLiteBehavior [ RunTime:0.000051s ]
INFO: [ app_init ] --END-- [ RunTime:0.000971s ]
ERR: 无法加载模块:View

[ 2016-09-26T15:39:26+08:00 ] 127.0.0.1 /view/Admin/Public/Images/skin_icons.png
INFO: [ app_init ] --START--
INFO: Run Behavior\BuildLiteBehavior [ RunTime:0.000037s ]
INFO: [ app_init ] --END-- [ RunTime:0.002026s ]
ERR: 无法加载模块:View

[ 2016-09-26T15:41:15+08:00 ] 127.0.0.1 /view/Admin/Public/Css/base.css
INFO: [ app_init ] --START--
INFO: Run Behavior\BuildLiteBehavior [ RunTime:0.000030s ]
INFO: [ app_init ] --END-- [ RunTime:0.000500s ]
ERR: 无法加载模块:View

[ 2016-09-26T15:41:32+08:00 ] 127.0.0.1 /view/Admin/Public/Css/base.css
INFO: [ app_init ] --START--
INFO: Run Behavior\BuildLiteBehavior [ RunTime:0.000028s ]
INFO: [ app_init ] --END-- [ RunTime:0.000484s ]
ERR: 无法加载模块:View

[ 2016-09-26T15:55:11+08:00 ] 127.0.0.1 /view/Admin/Public/Css/base.css
INFO: [ app_init ] --START--
INFO: Run Behavior\BuildLiteBehavior [ RunTime:0.000027s ]
INFO: [ app_init ] --END-- [ RunTime:0.000501s ]
ERR: 无法加载模块:View

[ 2016-09-26T15:56:37+08:00 ] 127.0.0.1 /view/Admin/Public/Css/base.css
INFO: [ app_init ] --START--
INFO: Run Behavior\BuildLiteBehavior [ RunTime:0.000028s ]
INFO: [ app_init ] --END-- [ RunTime:0.000474s ]
ERR: 无法加载模块:View

[ 2016-09-26T15:57:41+08:00 ] 127.0.0.1 /view/Admin/Public/Css/base.css
INFO: [ app_init ] --START--
INFO: Run Behavior\BuildLiteBehavior [ RunTime:0.000030s ]
INFO: [ app_init ] --END-- [ RunTime:0.000654s ]
ERR: 无法加载模块:View

[ 2016-09-26T16:22:50+08:00 ] 127.0.0.1 /view/Admin/Public/Css/base.css
INFO: [ app_init ] --START--
INFO: Run Behavior\BuildLiteBehavior [ RunTime:0.000027s ]
INFO: [ app_init ] --END-- [ RunTime:0.000504s ]
ERR: 无法加载模块:View

[ 2016-09-26T16:22:52+08:00 ] 127.0.0.1 /view/Admin/Public/Css/base.css
INFO: [ app_init ] --START--
INFO: Run Behavior\BuildLiteBehavior [ RunTime:0.000038s ]
INFO: [ app_init ] --END-- [ RunTime:0.000553s ]
ERR: 无法加载模块:View

[ 2016-09-26T16:22:59+08:00 ] 127.0.0.1 /view/Admin/Public/Css/base.css
INFO: [ app_init ] --START--
INFO: Run Behavior\BuildLiteBehavior [ RunTime:0.000031s ]
INFO: [ app_init ] --END-- [ RunTime:0.000683s ]
ERR: 无法加载模块:View

[ 2016-09-26T16:23:05+08:00 ] 127.0.0.1 /view/Admin/Public/Css/base.css
INFO: [ app_init ] --START--
INFO: Run Behavior\BuildLiteBehavior [ RunTime:0.000029s ]
INFO: [ app_init ] --END-- [ RunTime:0.000603s ]
ERR: 无法加载模块:View

[ 2016-09-26T16:32:17+08:00 ] 127.0.0.1 /view/Admin/Public/Css/base.css
INFO: [ app_init ] --START--
INFO: Run Behavior\BuildLiteBehavior [ RunTime:0.000030s ]
INFO: [ app_init ] --END-- [ RunTime:0.000924s ]
ERR: 无法加载模块:View

[ 2016-09-26T16:32:24+08:00 ] 127.0.0.1 /view/Admin/Public/Css/base.css
INFO: [ app_init ] --START--
INFO: Run Behavior\BuildLiteBehavior [ RunTime:0.000025s ]
INFO: [ app_init ] --END-- [ RunTime:0.000416s ]
ERR: 无法加载模块:View

[ 2016-09-26T16:32:26+08:00 ] 127.0.0.1 /view/Admin/Public/Css/base.css
INFO: [ app_init ] --START--
INFO: Run Behavior\BuildLiteBehavior [ RunTime:0.000026s ]
INFO: [ app_init ] --END-- [ RunTime:0.000429s ]
ERR: 无法加载模块:View

[ 2016-09-26T16:32:28+08:00 ] 127.0.0.1 /view/Admin/Public/Css/base.css
INFO: [ app_init ] --START--
INFO: Run Behavior\BuildLiteBehavior [ RunTime:0.000024s ]
INFO: [ app_init ] --END-- [ RunTime:0.000411s ]
ERR: 无法加载模块:View

[ 2016-09-26T16:32:29+08:00 ] 127.0.0.1 /view/Admin/Public/Css/base.css
INFO: [ app_init ] --START--
INFO: Run Behavior\BuildLiteBehavior [ RunTime:0.000029s ]
INFO: [ app_init ] --END-- [ RunTime:0.000488s ]
ERR: 无法加载模块:View

[ 2016-09-26T16:32:31+08:00 ] 127.0.0.1 /view/Admin/Public/Css/base.css
INFO: [ app_init ] --START--
INFO: Run Behavior\BuildLiteBehavior [ RunTime:0.000026s ]
INFO: [ app_init ] --END-- [ RunTime:0.000457s ]
ERR: 无法加载模块:View

[ 2016-09-26T16:32:35+08:00 ] 127.0.0.1 /view/Admin/Public/Css/base.css
INFO: [ app_init ] --START--
INFO: Run Behavior\BuildLiteBehavior [ RunTime:0.000028s ]
INFO: [ app_init ] --END-- [ RunTime:0.000587s ]
ERR: 无法加载模块:View

[ 2016-09-26T16:42:12+08:00 ] 127.0.0.1 /view/Admin/Public/Css/base.css
INFO: [ app_init ] --START--
INFO: Run Behavior\BuildLiteBehavior [ RunTime:0.000027s ]
INFO: [ app_init ] --END-- [ RunTime:0.000485s ]
ERR: 无法加载模块:View

[ 2016-09-26T16:43:12+08:00 ] 127.0.0.1 /view/Admin/Public/Css/base.css
INFO: [ app_init ] --START--
INFO: Run Behavior\BuildLiteBehavior [ RunTime:0.000028s ]
INFO: [ app_init ] --END-- [ RunTime:0.000498s ]
ERR: 无法加载模块:View

[ 2016-09-26T16:44:19+08:00 ] 127.0.0.1 /view/Admin/Public/Css/base.css
INFO: [ app_init ] --START--
INFO: Run Behavior\BuildLiteBehavior [ RunTime:0.000029s ]
INFO: [ app_init ] --END-- [ RunTime:0.000457s ]
ERR: 无法加载模块:View

[ 2016-09-26T16:44:56+08:00 ] 127.0.0.1 /view/Admin/Public/Css/base.css
INFO: [ app_init ] --START--
INFO: Run Behavior\BuildLiteBehavior [ RunTime:0.000026s ]
INFO: [ app_init ] --END-- [ RunTime:0.000434s ]
ERR: 无法加载模块:View

[ 2016-09-26T16:45:46+08:00 ] 127.0.0.1 /view/Admin/Public/Css/base.css
INFO: [ app_init ] --START--
INFO: Run Behavior\BuildLiteBehavior [ RunTime:0.000026s ]
INFO: [ app_init ] --END-- [ RunTime:0.000437s ]
ERR: 无法加载模块:View

[ 2016-09-26T16:47:37+08:00 ] 127.0.0.1 /view/Admin/Public/Css/base.css
INFO: [ app_init ] --START--
INFO: Run Behavior\BuildLiteBehavior [ RunTime:0.000027s ]
INFO: [ app_init ] --END-- [ RunTime:0.000477s ]
ERR: 无法加载模块:View

[ 2016-09-26T16:47:39+08:00 ] 127.0.0.1 /view/Admin/Public/Css/base.css
INFO: [ app_init ] --START--
INFO: Run Behavior\BuildLiteBehavior [ RunTime:0.000025s ]
INFO: [ app_init ] --END-- [ RunTime:0.000421s ]
ERR: 无法加载模块:View

[ 2016-09-26T16:47:47+08:00 ] 127.0.0.1 /view/Admin/Public/Css/base.css
INFO: [ app_init ] --START--
INFO: Run Behavior\BuildLiteBehavior [ RunTime:0.000026s ]
INFO: [ app_init ] --END-- [ RunTime:0.000425s ]
ERR: 无法加载模块:View

[ 2016-09-26T16:48:03+08:00 ] 127.0.0.1 /view/Admin/Public/Css/base.css
INFO: [ app_init ] --START--
INFO: Run Behavior\BuildLiteBehavior [ RunTime:0.000026s ]
INFO: [ app_init ] --END-- [ RunTime:0.000447s ]
ERR: 无法加载模块:View

[ 2016-09-26T16:52:05+08:00 ] 127.0.0.1 /view/Admin/Public/Css/base.css
INFO: [ app_init ] --START--
INFO: Run Behavior\BuildLiteBehavior [ RunTime:0.000030s ]
INFO: [ app_init ] --END-- [ RunTime:0.000491s ]
ERR: 无法加载模块:View

[ 2016-09-26T16:52:07+08:00 ] 127.0.0.1 /view/Admin/Public/Css/base.css
INFO: [ app_init ] --START--
INFO: Run Behavior\BuildLiteBehavior [ RunTime:0.000029s ]
INFO: [ app_init ] --END-- [ RunTime:0.000496s ]
ERR: 无法加载模块:View

[ 2016-09-26T16:52:26+08:00 ] 127.0.0.1 /view/Admin/Public/Css/base.css
INFO: [ app_init ] --START--
INFO: Run Behavior\BuildLiteBehavior [ RunTime:0.000034s ]
INFO: [ app_init ] --END-- [ RunTime:0.000524s ]
ERR: 无法加载模块:View

[ 2016-09-26T16:53:14+08:00 ] 127.0.0.1 /view/Admin/Public/Css/base.css
INFO: [ app_init ] --START--
INFO: Run Behavior\BuildLiteBehavior [ RunTime:0.000029s ]
INFO: [ app_init ] --END-- [ RunTime:0.000451s ]
ERR: 无法加载模块:View

[ 2016-09-26T16:54:44+08:00 ] 127.0.0.1 /view/Admin/Public/Css/base.css
INFO: [ app_init ] --START--
INFO: Run Behavior\BuildLiteBehavior [ RunTime:0.000028s ]
INFO: [ app_init ] --END-- [ RunTime:0.000452s ]
ERR: 无法加载模块:View

[ 2016-09-26T16:54:48+08:00 ] 127.0.0.1 /view/Admin/Public/Css/base.css
INFO: [ app_init ] --START--
INFO: Run Behavior\BuildLiteBehavior [ RunTime:0.000030s ]
INFO: [ app_init ] --END-- [ RunTime:0.000458s ]
ERR: 无法加载模块:View

[ 2016-09-26T17:04:33+08:00 ] 127.0.0.1 /view/Admin/Public/Css/base.css
INFO: [ app_init ] --START--
INFO: Run Behavior\BuildLiteBehavior [ RunTime:0.000029s ]
INFO: [ app_init ] --END-- [ RunTime:0.000457s ]
ERR: 无法加载模块:View

[ 2016-09-26T17:04:38+08:00 ] 127.0.0.1 /view/Admin/Public/Css/base.css
INFO: [ app_init ] --START--
INFO: Run Behavior\BuildLiteBehavior [ RunTime:0.000026s ]
INFO: [ app_init ] --END-- [ RunTime:0.000446s ]
ERR: 无法加载模块:View

[ 2016-09-26T17:04:44+08:00 ] 127.0.0.1 /view/Admin/Public/Css/base.css
INFO: [ app_init ] --START--
INFO: Run Behavior\BuildLiteBehavior [ RunTime:0.000034s ]
INFO: [ app_init ] --END-- [ RunTime:0.000781s ]
ERR: 无法加载模块:View

[ 2016-09-26T17:07:16+08:00 ] 127.0.0.1 /view/Admin/Public/Css/base.css
INFO: [ app_init ] --START--
INFO: Run Behavior\BuildLiteBehavior [ RunTime:0.000025s ]
INFO: [ app_init ] --END-- [ RunTime:0.000412s ]
ERR: 无法加载模块:View

[ 2016-09-26T17:10:26+08:00 ] 127.0.0.1 /view/Admin/Public/Css/base.css
INFO: [ app_init ] --START--
INFO: Run Behavior\BuildLiteBehavior [ RunTime:0.000028s ]
INFO: [ app_init ] --END-- [ RunTime:0.000473s ]
ERR: 无法加载模块:View

[ 2016-09-26T17:11:58+08:00 ] 127.0.0.1 /view/Admin/Public/Css/base.css
INFO: [ app_init ] --START--
INFO: Run Behavior\BuildLiteBehavior [ RunTime:0.000026s ]
INFO: [ app_init ] --END-- [ RunTime:0.000531s ]
ERR: 无法加载模块:View

[ 2016-09-26T17:16:00+08:00 ] 127.0.0.1 /view/Admin/Public/Css/base.css
INFO: [ app_init ] --START--
INFO: Run Behavior\BuildLiteBehavior [ RunTime:0.000029s ]
INFO: [ app_init ] --END-- [ RunTime:0.000471s ]
ERR: 无法加载模块:View

[ 2016-09-26T17:17:42+08:00 ] 127.0.0.1 /view/Admin/Public/Css/base.css
INFO: [ app_init ] --START--
INFO: Run Behavior\BuildLiteBehavior [ RunTime:0.000027s ]
INFO: [ app_init ] --END-- [ RunTime:0.000468s ]
ERR: 无法加载模块:View

[ 2016-09-26T17:28:18+08:00 ] 127.0.0.1 /view/Admin/Public/Css/base.css
INFO: [ app_init ] --START--
INFO: Run Behavior\BuildLiteBehavior [ RunTime:0.000032s ]
INFO: [ app_init ] --END-- [ RunTime:0.000591s ]
ERR: 无法加载模块:View

[ 2016-09-26T17:32:17+08:00 ] 127.0.0.1 /view/Admin/Public/Css/base.css
INFO: [ app_init ] --START--
INFO: Run Behavior\BuildLiteBehavior [ RunTime:0.000028s ]
INFO: [ app_init ] --END-- [ RunTime:0.000559s ]
ERR: 无法加载模块:View

[ 2016-09-26T17:33:44+08:00 ] 127.0.0.1 /view/Admin/Public/Css/base.css
INFO: [ app_init ] --START--
INFO: Run Behavior\BuildLiteBehavior [ RunTime:0.000031s ]
INFO: [ app_init ] --END-- [ RunTime:0.000650s ]
ERR: 无法加载模块:View

[ 2016-09-26T17:33:59+08:00 ] 127.0.0.1 /view/Admin/Public/Css/base.css
INFO: [ app_init ] --START--
INFO: Run Behavior\BuildLiteBehavior [ RunTime:0.000027s ]
INFO: [ app_init ] --END-- [ RunTime:0.000607s ]
ERR: 无法加载模块:View

