[ 2016-09-30T10:47:44+08:00 ] 127.0.0.1 /favicon.ico
INFO: [ app_init ] --START--
INFO: Run Behavior\BuildLiteBehavior [ RunTime:0.000046s ]
INFO: [ app_init ] --END-- [ RunTime:0.000794s ]
ERR: 无法加载模块:Favicon

[ 2016-09-30T10:47:52+08:00 ] 127.0.0.1 /view/Admin/Public/Css/base.css
INFO: [ app_init ] --START--
INFO: Run Behavior\BuildLiteBehavior [ RunTime:0.000031s ]
INFO: [ app_init ] --END-- [ RunTime:0.000652s ]
ERR: 无法加载模块:View

[ 2016-09-30T10:48:08+08:00 ] 127.0.0.1 /view/Admin/Public/Css/base.css
INFO: [ app_init ] --START--
INFO: Run Behavior\BuildLiteBehavior [ RunTime:0.000030s ]
INFO: [ app_init ] --END-- [ RunTime:0.000476s ]
ERR: 无法加载模块:View

[ 2016-09-30T10:48:09+08:00 ] 127.0.0.1 /view/Admin/Public/Css/base.css
INFO: [ app_init ] --START--
INFO: Run Behavior\BuildLiteBehavior [ RunTime:0.000058s ]
INFO: [ app_init ] --END-- [ RunTime:0.000774s ]
ERR: 无法加载模块:View

[ 2016-09-30T10:48:15+08:00 ] 127.0.0.1 /view/Admin/Public/Css/base.css
INFO: [ app_init ] --START--
INFO: Run Behavior\BuildLiteBehavior [ RunTime:0.000031s ]
INFO: [ app_init ] --END-- [ RunTime:0.000512s ]
ERR: 无法加载模块:View

[ 2016-09-30T10:48:17+08:00 ] 127.0.0.1 /view/Admin/Public/Css/base.css
INFO: [ app_init ] --START--
INFO: Run Behavior\BuildLiteBehavior [ RunTime:0.000034s ]
INFO: [ app_init ] --END-- [ RunTime:0.000558s ]
ERR: 无法加载模块:View

[ 2016-09-30T10:51:24+08:00 ] 127.0.0.1 /view/Admin/Public/Css/base.css
INFO: [ app_init ] --START--
INFO: Run Behavior\BuildLiteBehavior [ RunTime:0.000030s ]
INFO: [ app_init ] --END-- [ RunTime:0.000527s ]
ERR: 无法加载模块:View

[ 2016-09-30T10:51:25+08:00 ] 127.0.0.1 /view/Admin/Public/Css/base.css
INFO: [ app_init ] --START--
INFO: Run Behavior\BuildLiteBehavior [ RunTime:0.000066s ]
INFO: [ app_init ] --END-- [ RunTime:0.000697s ]
ERR: 无法加载模块:View

[ 2016-09-30T10:51:27+08:00 ] 127.0.0.1 /view/Admin/Public/Css/base.css
INFO: [ app_init ] --START--
INFO: Run Behavior\BuildLiteBehavior [ RunTime:0.000033s ]
INFO: [ app_init ] --END-- [ RunTime:0.000599s ]
ERR: 无法加载模块:View

[ 2016-09-30T10:51:29+08:00 ] 127.0.0.1 /view/Admin/Public/Css/base.css
INFO: [ app_init ] --START--
INFO: Run Behavior\BuildLiteBehavior [ RunTime:0.000031s ]
INFO: [ app_init ] --END-- [ RunTime:0.000475s ]
ERR: 无法加载模块:View

[ 2016-09-30T10:51:37+08:00 ] 127.0.0.1 /view/Admin/Public/Css/base.css
INFO: [ app_init ] --START--
INFO: Run Behavior\BuildLiteBehavior [ RunTime:0.000031s ]
INFO: [ app_init ] --END-- [ RunTime:0.000489s ]
ERR: 无法加载模块:View

[ 2016-09-30T10:52:03+08:00 ] 127.0.0.1 /view/Admin/Public/Css/base.css
INFO: [ app_init ] --START--
INFO: Run Behavior\BuildLiteBehavior [ RunTime:0.000037s ]
INFO: [ app_init ] --END-- [ RunTime:0.000573s ]
ERR: 无法加载模块:View

[ 2016-09-30T10:52:05+08:00 ] 127.0.0.1 /view/Admin/Public/Css/base.css
INFO: [ app_init ] --START--
INFO: Run Behavior\BuildLiteBehavior [ RunTime:0.000035s ]
INFO: [ app_init ] --END-- [ RunTime:0.000727s ]
ERR: 无法加载模块:View

[ 2016-09-30T10:52:06+08:00 ] 127.0.0.1 /view/Admin/Public/Css/base.css
INFO: [ app_init ] --START--
INFO: Run Behavior\BuildLiteBehavior [ RunTime:0.000035s ]
INFO: [ app_init ] --END-- [ RunTime:0.000589s ]
ERR: 无法加载模块:View

[ 2016-09-30T10:52:08+08:00 ] 127.0.0.1 /view/Admin/Public/Css/base.css
INFO: [ app_init ] --START--
INFO: Run Behavior\BuildLiteBehavior [ RunTime:0.000029s ]
INFO: [ app_init ] --END-- [ RunTime:0.000479s ]
ERR: 无法加载模块:View

[ 2016-09-30T10:52:12+08:00 ] 127.0.0.1 /view/Admin/Public/Css/base.css
INFO: [ app_init ] --START--
INFO: Run Behavior\BuildLiteBehavior [ RunTime:0.000071s ]
INFO: [ app_init ] --END-- [ RunTime:0.000787s ]
ERR: 无法加载模块:View

[ 2016-09-30T10:52:18+08:00 ] 127.0.0.1 /view/Admin/Public/Css/base.css
INFO: [ app_init ] --START--
INFO: Run Behavior\BuildLiteBehavior [ RunTime:0.000038s ]
INFO: [ app_init ] --END-- [ RunTime:0.000608s ]
ERR: 无法加载模块:View

[ 2016-09-30T11:01:18+08:00 ] 127.0.0.1 /view/Admin/Public/Css/base.css
INFO: [ app_init ] --START--
INFO: Run Behavior\BuildLiteBehavior [ RunTime:0.000031s ]
INFO: [ app_init ] --END-- [ RunTime:0.000517s ]
ERR: 无法加载模块:View

[ 2016-09-30T11:01:20+08:00 ] 127.0.0.1 /view/Admin/Public/Css/base.css
INFO: [ app_init ] --START--
INFO: Run Behavior\BuildLiteBehavior [ RunTime:0.000035s ]
INFO: [ app_init ] --END-- [ RunTime:0.000540s ]
ERR: 无法加载模块:View

[ 2016-09-30T11:02:23+08:00 ] 127.0.0.1 /view/Admin/Public/Css/base.css
INFO: [ app_init ] --START--
INFO: Run Behavior\BuildLiteBehavior [ RunTime:0.000031s ]
INFO: [ app_init ] --END-- [ RunTime:0.000480s ]
ERR: 无法加载模块:View

[ 2016-09-30T11:02:30+08:00 ] 127.0.0.1 /view/Admin/Public/Css/base.css
INFO: [ app_init ] --START--
INFO: Run Behavior\BuildLiteBehavior [ RunTime:0.000033s ]
INFO: [ app_init ] --END-- [ RunTime:0.000848s ]
ERR: 无法加载模块:View

[ 2016-09-30T11:02:42+08:00 ] 127.0.0.1 /view/Admin/Public/Css/base.css
INFO: [ app_init ] --START--
INFO: Run Behavior\BuildLiteBehavior [ RunTime:0.000037s ]
INFO: [ app_init ] --END-- [ RunTime:0.000565s ]
ERR: 无法加载模块:View

[ 2016-09-30T11:03:08+08:00 ] 127.0.0.1 /view/Admin/Public/Css/base.css
INFO: [ app_init ] --START--
INFO: Run Behavior\BuildLiteBehavior [ RunTime:0.000034s ]
INFO: [ app_init ] --END-- [ RunTime:0.000522s ]
ERR: 无法加载模块:View

[ 2016-09-30T11:12:51+08:00 ] 127.0.0.1 /view/Admin/Public/Css/base.css
INFO: [ app_init ] --START--
INFO: Run Behavior\BuildLiteBehavior [ RunTime:0.000082s ]
INFO: [ app_init ] --END-- [ RunTime:0.000681s ]
ERR: 无法加载模块:View

[ 2016-09-30T11:28:46+08:00 ] 127.0.0.1 /view/Admin/Public/Css/base.css
INFO: [ app_init ] --START--
INFO: Run Behavior\BuildLiteBehavior [ RunTime:0.000034s ]
INFO: [ app_init ] --END-- [ RunTime:0.000571s ]
ERR: 无法加载模块:View

[ 2016-09-30T11:29:53+08:00 ] 127.0.0.1 /view/Admin/Public/Css/base.css
INFO: [ app_init ] --START--
INFO: Run Behavior\BuildLiteBehavior [ RunTime:0.000033s ]
INFO: [ app_init ] --END-- [ RunTime:0.000534s ]
ERR: 无法加载模块:View

[ 2016-09-30T11:30:59+08:00 ] 127.0.0.1 /view/Admin/Public/Css/base.css
INFO: [ app_init ] --START--
INFO: Run Behavior\BuildLiteBehavior [ RunTime:0.000037s ]
INFO: [ app_init ] --END-- [ RunTime:0.000648s ]
ERR: 无法加载模块:View

[ 2016-09-30T11:31:01+08:00 ] 127.0.0.1 /view/Admin/Public/Css/base.css
INFO: [ app_init ] --START--
INFO: Run Behavior\BuildLiteBehavior [ RunTime:0.000032s ]
INFO: [ app_init ] --END-- [ RunTime:0.000485s ]
ERR: 无法加载模块:View

[ 2016-09-30T11:31:02+08:00 ] 127.0.0.1 /view/Admin/Public/Css/base.css
INFO: [ app_init ] --START--
INFO: Run Behavior\BuildLiteBehavior [ RunTime:0.000061s ]
INFO: [ app_init ] --END-- [ RunTime:0.000782s ]
ERR: 无法加载模块:View

[ 2016-09-30T11:31:03+08:00 ] 127.0.0.1 /view/Admin/Public/Css/base.css
INFO: [ app_init ] --START--
INFO: Run Behavior\BuildLiteBehavior [ RunTime:0.000111s ]
INFO: [ app_init ] --END-- [ RunTime:0.000741s ]
ERR: 无法加载模块:View

[ 2016-09-30T11:31:05+08:00 ] 127.0.0.1 /view/Admin/Public/Css/base.css
INFO: [ app_init ] --START--
INFO: Run Behavior\BuildLiteBehavior [ RunTime:0.000049s ]
INFO: [ app_init ] --END-- [ RunTime:0.000639s ]
ERR: 无法加载模块:View

[ 2016-09-30T12:43:41+08:00 ] 127.0.0.1 /view/Admin/Public/Css/base.css
INFO: [ app_init ] --START--
INFO: Run Behavior\BuildLiteBehavior [ RunTime:0.000048s ]
INFO: [ app_init ] --END-- [ RunTime:0.000527s ]
ERR: 无法加载模块:View

[ 2016-09-30T12:43:53+08:00 ] 127.0.0.1 /view/Admin/Public/Css/base.css
INFO: [ app_init ] --START--
INFO: Run Behavior\BuildLiteBehavior [ RunTime:0.000028s ]
INFO: [ app_init ] --END-- [ RunTime:0.000476s ]
ERR: 无法加载模块:View

[ 2016-09-30T12:43:55+08:00 ] 127.0.0.1 /view/Admin/Public/Css/base.css
INFO: [ app_init ] --START--
INFO: Run Behavior\BuildLiteBehavior [ RunTime:0.000034s ]
INFO: [ app_init ] --END-- [ RunTime:0.001010s ]
ERR: 无法加载模块:View

[ 2016-09-30T12:43:56+08:00 ] 127.0.0.1 /view/Admin/Public/Css/base.css
INFO: [ app_init ] --START--
INFO: Run Behavior\BuildLiteBehavior [ RunTime:0.000033s ]
INFO: [ app_init ] --END-- [ RunTime:0.001204s ]
ERR: 无法加载模块:View

[ 2016-09-30T12:43:56+08:00 ] 127.0.0.1 /view/Admin/Public/Css/base.css
INFO: [ app_init ] --START--
INFO: Run Behavior\BuildLiteBehavior [ RunTime:0.000029s ]
INFO: [ app_init ] --END-- [ RunTime:0.000533s ]
ERR: 无法加载模块:View

[ 2016-09-30T12:44:13+08:00 ] 127.0.0.1 /view/Admin/Public/Css/base.css
INFO: [ app_init ] --START--
INFO: Run Behavior\BuildLiteBehavior [ RunTime:0.000085s ]
INFO: [ app_init ] --END-- [ RunTime:0.000620s ]
ERR: 无法加载模块:View

[ 2016-09-30T12:47:35+08:00 ] 127.0.0.1 /view/Admin/Public/Css/base.css
INFO: [ app_init ] --START--
INFO: Run Behavior\BuildLiteBehavior [ RunTime:0.000031s ]
INFO: [ app_init ] --END-- [ RunTime:0.000573s ]
ERR: 无法加载模块:View

[ 2016-09-30T12:47:53+08:00 ] 127.0.0.1 /view/Admin/Public/Css/base.css
INFO: [ app_init ] --START--
INFO: Run Behavior\BuildLiteBehavior [ RunTime:0.000031s ]
INFO: [ app_init ] --END-- [ RunTime:0.000806s ]
ERR: 无法加载模块:View

[ 2016-09-30T12:48:20+08:00 ] 127.0.0.1 /view/Admin/Public/Css/base.css
INFO: [ app_init ] --START--
INFO: Run Behavior\BuildLiteBehavior [ RunTime:0.000029s ]
INFO: [ app_init ] --END-- [ RunTime:0.000514s ]
ERR: 无法加载模块:View

[ 2016-09-30T12:48:36+08:00 ] 127.0.0.1 /view/Admin/Public/Css/base.css
INFO: [ app_init ] --START--
INFO: Run Behavior\BuildLiteBehavior [ RunTime:0.000032s ]
INFO: [ app_init ] --END-- [ RunTime:0.000716s ]
ERR: 无法加载模块:View

[ 2016-09-30T12:48:44+08:00 ] 127.0.0.1 /view/Admin/Public/Css/base.css
INFO: [ app_init ] --START--
INFO: Run Behavior\BuildLiteBehavior [ RunTime:0.000043s ]
INFO: [ app_init ] --END-- [ RunTime:0.000790s ]
ERR: 无法加载模块:View

[ 2016-09-30T12:48:45+08:00 ] 127.0.0.1 /view/Admin/Public/Css/base.css
INFO: [ app_init ] --START--
INFO: Run Behavior\BuildLiteBehavior [ RunTime:0.000031s ]
INFO: [ app_init ] --END-- [ RunTime:0.000670s ]
ERR: 无法加载模块:View

[ 2016-09-30T13:36:31+08:00 ] 127.0.0.1 /view/Admin/Public/Css/base.css
INFO: [ app_init ] --START--
INFO: Run Behavior\BuildLiteBehavior [ RunTime:0.000027s ]
INFO: [ app_init ] --END-- [ RunTime:0.000466s ]
ERR: 无法加载模块:View

[ 2016-09-30T13:36:43+08:00 ] 127.0.0.1 /view/Admin/Public/Css/base.css
INFO: [ app_init ] --START--
INFO: Run Behavior\BuildLiteBehavior [ RunTime:0.000032s ]
INFO: [ app_init ] --END-- [ RunTime:0.000603s ]
ERR: 无法加载模块:View

[ 2016-09-30T13:36:45+08:00 ] 127.0.0.1 /view/Admin/Public/Css/base.css
INFO: [ app_init ] --START--
INFO: Run Behavior\BuildLiteBehavior [ RunTime:0.000027s ]
INFO: [ app_init ] --END-- [ RunTime:0.000429s ]
ERR: 无法加载模块:View

[ 2016-09-30T13:36:46+08:00 ] 127.0.0.1 /view/Admin/Public/Css/base.css
INFO: [ app_init ] --START--
INFO: Run Behavior\BuildLiteBehavior [ RunTime:0.000055s ]
INFO: [ app_init ] --END-- [ RunTime:0.000926s ]
ERR: 无法加载模块:View

[ 2016-09-30T13:37:11+08:00 ] 127.0.0.1 /view/Admin/Public/Css/base.css
INFO: [ app_init ] --START--
INFO: Run Behavior\BuildLiteBehavior [ RunTime:0.000029s ]
INFO: [ app_init ] --END-- [ RunTime:0.000487s ]
ERR: 无法加载模块:View

[ 2016-09-30T13:37:53+08:00 ] 127.0.0.1 /view/Admin/Public/Css/base.css
INFO: [ app_init ] --START--
INFO: Run Behavior\BuildLiteBehavior [ RunTime:0.000027s ]
INFO: [ app_init ] --END-- [ RunTime:0.000475s ]
ERR: 无法加载模块:View

[ 2016-09-30T13:38:01+08:00 ] 127.0.0.1 /view/Admin/Public/Css/base.css
INFO: [ app_init ] --START--
INFO: Run Behavior\BuildLiteBehavior [ RunTime:0.000050s ]
INFO: [ app_init ] --END-- [ RunTime:0.000846s ]
ERR: 无法加载模块:View

[ 2016-09-30T13:38:07+08:00 ] 127.0.0.1 /view/Admin/Public/Css/base.css
INFO: [ app_init ] --START--
INFO: Run Behavior\BuildLiteBehavior [ RunTime:0.000029s ]
INFO: [ app_init ] --END-- [ RunTime:0.000534s ]
ERR: 无法加载模块:View

[ 2016-09-30T13:39:41+08:00 ] 127.0.0.1 /view/Admin/Public/Css/base.css
INFO: [ app_init ] --START--
INFO: Run Behavior\BuildLiteBehavior [ RunTime:0.000032s ]
INFO: [ app_init ] --END-- [ RunTime:0.000596s ]
ERR: 无法加载模块:View

[ 2016-09-30T13:39:49+08:00 ] 127.0.0.1 /view/Admin/Public/Css/base.css
INFO: [ app_init ] --START--
INFO: Run Behavior\BuildLiteBehavior [ RunTime:0.000034s ]
INFO: [ app_init ] --END-- [ RunTime:0.000530s ]
ERR: 无法加载模块:View

[ 2016-09-30T13:39:59+08:00 ] 127.0.0.1 /view/Admin/Public/Css/base.css
INFO: [ app_init ] --START--
INFO: Run Behavior\BuildLiteBehavior [ RunTime:0.000055s ]
INFO: [ app_init ] --END-- [ RunTime:0.000910s ]
ERR: 无法加载模块:View

[ 2016-09-30T13:40:06+08:00 ] 127.0.0.1 /view/Admin/Public/Css/base.css
INFO: [ app_init ] --START--
INFO: Run Behavior\BuildLiteBehavior [ RunTime:0.000040s ]
INFO: [ app_init ] --END-- [ RunTime:0.000780s ]
ERR: 无法加载模块:View

[ 2016-09-30T13:40:19+08:00 ] 127.0.0.1 /view/Admin/Public/Css/base.css
INFO: [ app_init ] --START--
INFO: Run Behavior\BuildLiteBehavior [ RunTime:0.000048s ]
INFO: [ app_init ] --END-- [ RunTime:0.000594s ]
ERR: 无法加载模块:View

[ 2016-09-30T13:40:52+08:00 ] 127.0.0.1 /view/Admin/Public/Css/base.css
INFO: [ app_init ] --START--
INFO: Run Behavior\BuildLiteBehavior [ RunTime:0.000037s ]
INFO: [ app_init ] --END-- [ RunTime:0.000905s ]
ERR: 无法加载模块:View

[ 2016-09-30T13:43:18+08:00 ] 127.0.0.1 /view/Admin/Public/Css/base.css
INFO: [ app_init ] --START--
INFO: Run Behavior\BuildLiteBehavior [ RunTime:0.000041s ]
INFO: [ app_init ] --END-- [ RunTime:0.000663s ]
ERR: 无法加载模块:View

[ 2016-09-30T13:44:21+08:00 ] 127.0.0.1 /view/Admin/Public/Css/base.css
INFO: [ app_init ] --START--
INFO: Run Behavior\BuildLiteBehavior [ RunTime:0.000033s ]
INFO: [ app_init ] --END-- [ RunTime:0.000654s ]
ERR: 无法加载模块:View

[ 2016-09-30T13:44:46+08:00 ] 127.0.0.1 /view/Admin/Public/Css/base.css
INFO: [ app_init ] --START--
INFO: Run Behavior\BuildLiteBehavior [ RunTime:0.000035s ]
INFO: [ app_init ] --END-- [ RunTime:0.000630s ]
ERR: 无法加载模块:View

[ 2016-09-30T13:45:31+08:00 ] 127.0.0.1 /view/Admin/Public/Css/base.css
INFO: [ app_init ] --START--
INFO: Run Behavior\BuildLiteBehavior [ RunTime:0.000036s ]
INFO: [ app_init ] --END-- [ RunTime:0.000708s ]
ERR: 无法加载模块:View

[ 2016-09-30T13:45:33+08:00 ] 127.0.0.1 /view/Admin/Public/Css/base.css
INFO: [ app_init ] --START--
INFO: Run Behavior\BuildLiteBehavior [ RunTime:0.000032s ]
INFO: [ app_init ] --END-- [ RunTime:0.000589s ]
ERR: 无法加载模块:View

[ 2016-09-30T13:45:33+08:00 ] 127.0.0.1 /view/Admin/Public/Css/base.css
INFO: [ app_init ] --START--
INFO: Run Behavior\BuildLiteBehavior [ RunTime:0.000033s ]
INFO: [ app_init ] --END-- [ RunTime:0.000577s ]
ERR: 无法加载模块:View

[ 2016-09-30T13:45:34+08:00 ] 127.0.0.1 /view/Admin/Public/Css/base.css
INFO: [ app_init ] --START--
INFO: Run Behavior\BuildLiteBehavior [ RunTime:0.000032s ]
INFO: [ app_init ] --END-- [ RunTime:0.000550s ]
ERR: 无法加载模块:View

[ 2016-09-30T13:45:35+08:00 ] 127.0.0.1 /view/Admin/Public/Css/base.css
INFO: [ app_init ] --START--
INFO: Run Behavior\BuildLiteBehavior [ RunTime:0.000035s ]
INFO: [ app_init ] --END-- [ RunTime:0.000680s ]
ERR: 无法加载模块:View

[ 2016-09-30T13:45:46+08:00 ] 127.0.0.1 /view/Admin/Public/Css/base.css
INFO: [ app_init ] --START--
INFO: Run Behavior\BuildLiteBehavior [ RunTime:0.000034s ]
INFO: [ app_init ] --END-- [ RunTime:0.000637s ]
ERR: 无法加载模块:View

[ 2016-09-30T13:45:48+08:00 ] 127.0.0.1 /view/Admin/Public/Css/base.css
INFO: [ app_init ] --START--
INFO: Run Behavior\BuildLiteBehavior [ RunTime:0.000034s ]
INFO: [ app_init ] --END-- [ RunTime:0.000571s ]
ERR: 无法加载模块:View

[ 2016-09-30T13:45:49+08:00 ] 127.0.0.1 /view/Admin/Public/Css/base.css
INFO: [ app_init ] --START--
INFO: Run Behavior\BuildLiteBehavior [ RunTime:0.000036s ]
INFO: [ app_init ] --END-- [ RunTime:0.000632s ]
ERR: 无法加载模块:View

[ 2016-09-30T13:45:50+08:00 ] 127.0.0.1 /view/Admin/Public/Css/base.css
INFO: [ app_init ] --START--
INFO: Run Behavior\BuildLiteBehavior [ RunTime:0.000032s ]
INFO: [ app_init ] --END-- [ RunTime:0.000537s ]
ERR: 无法加载模块:View

[ 2016-09-30T13:45:50+08:00 ] 127.0.0.1 /view/Admin/Public/Css/base.css
INFO: [ app_init ] --START--
INFO: Run Behavior\BuildLiteBehavior [ RunTime:0.000043s ]
INFO: [ app_init ] --END-- [ RunTime:0.001073s ]
ERR: 无法加载模块:View

[ 2016-09-30T13:45:51+08:00 ] 127.0.0.1 /view/Admin/Public/Css/base.css
INFO: [ app_init ] --START--
INFO: Run Behavior\BuildLiteBehavior [ RunTime:0.000034s ]
INFO: [ app_init ] --END-- [ RunTime:0.000617s ]
ERR: 无法加载模块:View

[ 2016-09-30T13:45:52+08:00 ] 127.0.0.1 /view/Admin/Public/Css/base.css
INFO: [ app_init ] --START--
INFO: Run Behavior\BuildLiteBehavior [ RunTime:0.000032s ]
INFO: [ app_init ] --END-- [ RunTime:0.000551s ]
ERR: 无法加载模块:View

[ 2016-09-30T13:45:53+08:00 ] 127.0.0.1 /view/Admin/Public/Css/base.css
INFO: [ app_init ] --START--
INFO: Run Behavior\BuildLiteBehavior [ RunTime:0.000034s ]
INFO: [ app_init ] --END-- [ RunTime:0.000960s ]
ERR: 无法加载模块:View

[ 2016-09-30T13:45:56+08:00 ] 127.0.0.1 /view/Admin/Public/Css/base.css
INFO: [ app_init ] --START--
INFO: Run Behavior\BuildLiteBehavior [ RunTime:0.000034s ]
INFO: [ app_init ] --END-- [ RunTime:0.000673s ]
ERR: 无法加载模块:View

[ 2016-09-30T13:46:24+08:00 ] 127.0.0.1 /view/Admin/Public/Css/base.css
INFO: [ app_init ] --START--
INFO: Run Behavior\BuildLiteBehavior [ RunTime:0.000033s ]
INFO: [ app_init ] --END-- [ RunTime:0.000539s ]
ERR: 无法加载模块:View

[ 2016-09-30T13:57:24+08:00 ] 127.0.0.1 /view/Admin/Public/Css/base.css
INFO: [ app_init ] --START--
INFO: Run Behavior\BuildLiteBehavior [ RunTime:0.000027s ]
INFO: [ app_init ] --END-- [ RunTime:0.000457s ]
ERR: 无法加载模块:View

[ 2016-09-30T13:57:26+08:00 ] 127.0.0.1 /view/Admin/Public/Css/base.css
INFO: [ app_init ] --START--
INFO: Run Behavior\BuildLiteBehavior [ RunTime:0.000031s ]
INFO: [ app_init ] --END-- [ RunTime:0.000552s ]
ERR: 无法加载模块:View

[ 2016-09-30T13:57:28+08:00 ] 127.0.0.1 /view/Admin/Public/Css/base.css
INFO: [ app_init ] --START--
INFO: Run Behavior\BuildLiteBehavior [ RunTime:0.000031s ]
INFO: [ app_init ] --END-- [ RunTime:0.000507s ]
ERR: 无法加载模块:View

[ 2016-09-30T13:57:29+08:00 ] 127.0.0.1 /view/Admin/Public/Css/base.css
INFO: [ app_init ] --START--
INFO: Run Behavior\BuildLiteBehavior [ RunTime:0.000037s ]
INFO: [ app_init ] --END-- [ RunTime:0.000565s ]
ERR: 无法加载模块:View

[ 2016-09-30T13:57:30+08:00 ] 127.0.0.1 /view/Admin/Public/Css/base.css
INFO: [ app_init ] --START--
INFO: Run Behavior\BuildLiteBehavior [ RunTime:0.000032s ]
INFO: [ app_init ] --END-- [ RunTime:0.000664s ]
ERR: 无法加载模块:View

[ 2016-09-30T13:57:31+08:00 ] 127.0.0.1 /view/Admin/Public/Css/base.css
INFO: [ app_init ] --START--
INFO: Run Behavior\BuildLiteBehavior [ RunTime:0.000027s ]
INFO: [ app_init ] --END-- [ RunTime:0.000483s ]
ERR: 无法加载模块:View

[ 2016-09-30T13:57:32+08:00 ] 127.0.0.1 /view/Admin/Public/Css/base.css
INFO: [ app_init ] --START--
INFO: Run Behavior\BuildLiteBehavior [ RunTime:0.000031s ]
INFO: [ app_init ] --END-- [ RunTime:0.000501s ]
ERR: 无法加载模块:View

[ 2016-09-30T16:01:46+08:00 ] 127.0.0.1 /view/Admin/Public/Css/base.css
INFO: [ app_init ] --START--
INFO: Run Behavior\BuildLiteBehavior [ RunTime:0.000030s ]
INFO: [ app_init ] --END-- [ RunTime:0.000520s ]
ERR: 无法加载模块:View

[ 2016-09-30T16:19:46+08:00 ] 127.0.0.1 /Public/Css/vno.css
INFO: [ app_init ] --START--
INFO: Run Behavior\BuildLiteBehavior [ RunTime:0.000031s ]
INFO: [ app_init ] --END-- [ RunTime:0.000636s ]
ERR: 无法加载模块:Public

[ 2016-09-30T16:19:46+08:00 ] 127.0.0.1 /Scripts/highlight.pack.js
INFO: [ app_init ] --START--
INFO: Run Behavior\BuildLiteBehavior [ RunTime:0.000032s ]
INFO: [ app_init ] --END-- [ RunTime:0.000582s ]
ERR: 无法加载模块:Scripts

[ 2016-09-30T16:19:46+08:00 ] 127.0.0.1 /Public/Css/black.css
INFO: [ app_init ] --START--
INFO: Run Behavior\BuildLiteBehavior [ RunTime:0.000048s ]
INFO: [ app_init ] --END-- [ RunTime:0.000678s ]
ERR: 无法加载模块:Public

[ 2016-09-30T16:19:46+08:00 ] 127.0.0.1 /Picture/wechatimg6.jpeg
INFO: [ app_init ] --START--
INFO: Run Behavior\BuildLiteBehavior [ RunTime:0.000029s ]
INFO: [ app_init ] --END-- [ RunTime:0.000532s ]
ERR: 无法加载模块:Picture

[ 2016-09-30T16:19:46+08:00 ] 127.0.0.1 /Scripts/jquery.min.js
INFO: [ app_init ] --START--
INFO: Run Behavior\BuildLiteBehavior [ RunTime:0.000031s ]
INFO: [ app_init ] --END-- [ RunTime:0.000587s ]
ERR: 无法加载模块:Scripts

[ 2016-09-30T16:19:46+08:00 ] 127.0.0.1 /Public/Css/font-awesome.min.css
INFO: [ app_init ] --START--
INFO: Run Behavior\BuildLiteBehavior [ RunTime:0.000033s ]
INFO: [ app_init ] --END-- [ RunTime:0.000604s ]
ERR: 无法加载模块:Public

[ 2016-09-30T16:19:46+08:00 ] 127.0.0.1 /Public/Css/blog.css
INFO: [ app_init ] --START--
INFO: Run Behavior\BuildLiteBehavior [ RunTime:0.000030s ]
INFO: [ app_init ] --END-- [ RunTime:0.003331s ]
ERR: 无法加载模块:Public

[ 2016-09-30T16:19:46+08:00 ] 127.0.0.1 /Picture/wechatimg6.jpeg
INFO: [ app_init ] --START--
INFO: Run Behavior\BuildLiteBehavior [ RunTime:0.000028s ]
INFO: [ app_init ] --END-- [ RunTime:0.000440s ]
ERR: 无法加载模块:Picture

[ 2016-09-30T16:19:46+08:00 ] 127.0.0.1 /Scripts/main.js
INFO: [ app_init ] --START--
INFO: Run Behavior\BuildLiteBehavior [ RunTime:0.000033s ]
INFO: [ app_init ] --END-- [ RunTime:0.000573s ]
ERR: 无法加载模块:Scripts

[ 2016-09-30T16:22:52+08:00 ] 127.0.0.1 /Scripts/jquery.min.js
INFO: [ app_init ] --START--
INFO: Run Behavior\BuildLiteBehavior [ RunTime:0.000027s ]
INFO: [ app_init ] --END-- [ RunTime:0.000457s ]
ERR: 无法加载模块:Scripts

[ 2016-09-30T16:22:52+08:00 ] 127.0.0.1 /view/Home/Public/Public/Css/blog.css
INFO: [ app_init ] --START--
INFO: Run Behavior\BuildLiteBehavior [ RunTime:0.000028s ]
INFO: [ app_init ] --END-- [ RunTime:0.000459s ]
ERR: 无法加载模块:View

[ 2016-09-30T16:22:52+08:00 ] 127.0.0.1 /Scripts/highlight.pack.js
INFO: [ app_init ] --START--
INFO: Run Behavior\BuildLiteBehavior [ RunTime:0.000030s ]
INFO: [ app_init ] --END-- [ RunTime:0.000499s ]
ERR: 无法加载模块:Scripts

[ 2016-09-30T16:22:52+08:00 ] 127.0.0.1 /Scripts/main.js
INFO: [ app_init ] --START--
INFO: Run Behavior\BuildLiteBehavior [ RunTime:0.000038s ]
INFO: [ app_init ] --END-- [ RunTime:0.006050s ]
ERR: 无法加载模块:Scripts

[ 2016-09-30T16:22:52+08:00 ] 127.0.0.1 /Picture/wechatimg6.jpeg
INFO: [ app_init ] --START--
INFO: Run Behavior\BuildLiteBehavior [ RunTime:0.000047s ]
INFO: [ app_init ] --END-- [ RunTime:0.000758s ]
ERR: 无法加载模块:Picture

[ 2016-09-30T16:22:52+08:00 ] 127.0.0.1 /view/Home/Public/Public/Css/font-awesome.min.css
INFO: [ app_init ] --START--
INFO: Run Behavior\BuildLiteBehavior [ RunTime:0.000028s ]
INFO: [ app_init ] --END-- [ RunTime:0.000482s ]
ERR: 无法加载模块:View

[ 2016-09-30T16:22:52+08:00 ] 127.0.0.1 /view/Home/Public/Public/Css/black.css
INFO: [ app_init ] --START--
INFO: Run Behavior\BuildLiteBehavior [ RunTime:0.000034s ]
INFO: [ app_init ] --END-- [ RunTime:0.000928s ]
ERR: 无法加载模块:View

[ 2016-09-30T16:22:52+08:00 ] 127.0.0.1 /Picture/wechatimg6.jpeg
INFO: [ app_init ] --START--
INFO: Run Behavior\BuildLiteBehavior [ RunTime:0.000028s ]
INFO: [ app_init ] --END-- [ RunTime:0.000464s ]
ERR: 无法加载模块:Picture

[ 2016-09-30T16:26:37+08:00 ] 127.0.0.1 /view/Home/Public/Public/Css/black.css
INFO: [ app_init ] --START--
INFO: Run Behavior\BuildLiteBehavior [ RunTime:0.000028s ]
INFO: [ app_init ] --END-- [ RunTime:0.000501s ]
ERR: 无法加载模块:View

[ 2016-09-30T16:26:37+08:00 ] 127.0.0.1 /view/Home/Public/Public/Css/blog.css
INFO: [ app_init ] --START--
INFO: Run Behavior\BuildLiteBehavior [ RunTime:0.000034s ]
INFO: [ app_init ] --END-- [ RunTime:0.002832s ]
ERR: 无法加载模块:View

[ 2016-09-30T16:26:37+08:00 ] 127.0.0.1 /view/Home/Public/Public/Css/font-awesome.min.css
INFO: [ app_init ] --START--
INFO: Run Behavior\BuildLiteBehavior [ RunTime:0.000030s ]
INFO: [ app_init ] --END-- [ RunTime:0.000479s ]
ERR: 无法加载模块:View

[ 2016-09-30T16:28:13+08:00 ] 127.0.0.1 /view/Home/Public/Public/Css/black.css
INFO: [ app_init ] --START--
INFO: Run Behavior\BuildLiteBehavior [ RunTime:0.000029s ]
INFO: [ app_init ] --END-- [ RunTime:0.000478s ]
ERR: 无法加载模块:View

[ 2016-09-30T16:28:13+08:00 ] 127.0.0.1 /view/Home/Public/Public/Css/blog.css
INFO: [ app_init ] --START--
INFO: Run Behavior\BuildLiteBehavior [ RunTime:0.000033s ]
INFO: [ app_init ] --END-- [ RunTime:0.000762s ]
ERR: 无法加载模块:View

[ 2016-09-30T16:28:13+08:00 ] 127.0.0.1 /view/Home/Public/Public/Css/font-awesome.min.css
INFO: [ app_init ] --START--
INFO: Run Behavior\BuildLiteBehavior [ RunTime:0.000031s ]
INFO: [ app_init ] --END-- [ RunTime:0.000486s ]
ERR: 无法加载模块:View

[ 2016-09-30T16:28:13+08:00 ] 127.0.0.1 /Scripts/jquery.min.js
INFO: [ app_init ] --START--
INFO: Run Behavior\BuildLiteBehavior [ RunTime:0.000030s ]
INFO: [ app_init ] --END-- [ RunTime:0.000465s ]
ERR: 无法加载模块:Scripts

[ 2016-09-30T16:28:13+08:00 ] 127.0.0.1 /Scripts/main.js
INFO: [ app_init ] --START--
INFO: Run Behavior\BuildLiteBehavior [ RunTime:0.000031s ]
INFO: [ app_init ] --END-- [ RunTime:0.000494s ]
ERR: 无法加载模块:Scripts

[ 2016-09-30T16:28:13+08:00 ] 127.0.0.1 /Scripts/highlight.pack.js
INFO: [ app_init ] --START--
INFO: Run Behavior\BuildLiteBehavior [ RunTime:0.000037s ]
INFO: [ app_init ] --END-- [ RunTime:0.000819s ]
ERR: 无法加载模块:Scripts

[ 2016-09-30T16:28:13+08:00 ] 127.0.0.1 /Picture/wechatimg6.jpeg
INFO: [ app_init ] --START--
INFO: Run Behavior\BuildLiteBehavior [ RunTime:0.000033s ]
INFO: [ app_init ] --END-- [ RunTime:0.000943s ]
ERR: 无法加载模块:Picture

[ 2016-09-30T16:28:50+08:00 ] 127.0.0.1 /view/Home/Public/Public/Css/black.css
INFO: [ app_init ] --START--
INFO: Run Behavior\BuildLiteBehavior [ RunTime:0.000029s ]
INFO: [ app_init ] --END-- [ RunTime:0.000472s ]
ERR: 无法加载模块:View

[ 2016-09-30T16:28:50+08:00 ] 127.0.0.1 /view/Home/Public/Public/Css/blog.css
INFO: [ app_init ] --START--
INFO: Run Behavior\BuildLiteBehavior [ RunTime:0.000034s ]
INFO: [ app_init ] --END-- [ RunTime:0.000994s ]
ERR: 无法加载模块:View

[ 2016-09-30T16:28:50+08:00 ] 127.0.0.1 /view/Home/Public/Public/Css/font-awesome.min.css
INFO: [ app_init ] --START--
INFO: Run Behavior\BuildLiteBehavior [ RunTime:0.000031s ]
INFO: [ app_init ] --END-- [ RunTime:0.000472s ]
ERR: 无法加载模块:View

[ 2016-09-30T16:28:50+08:00 ] 127.0.0.1 /Scripts/jquery.min.js
INFO: [ app_init ] --START--
INFO: Run Behavior\BuildLiteBehavior [ RunTime:0.000030s ]
INFO: [ app_init ] --END-- [ RunTime:0.000503s ]
ERR: 无法加载模块:Scripts

[ 2016-09-30T16:28:50+08:00 ] 127.0.0.1 /Scripts/main.js
INFO: [ app_init ] --START--
INFO: Run Behavior\BuildLiteBehavior [ RunTime:0.000032s ]
INFO: [ app_init ] --END-- [ RunTime:0.000479s ]
ERR: 无法加载模块:Scripts

[ 2016-09-30T16:28:50+08:00 ] 127.0.0.1 /Picture/wechatimg6.jpeg
INFO: [ app_init ] --START--
INFO: Run Behavior\BuildLiteBehavior [ RunTime:0.000033s ]
INFO: [ app_init ] --END-- [ RunTime:0.000543s ]
ERR: 无法加载模块:Picture

[ 2016-09-30T16:28:50+08:00 ] 127.0.0.1 /Scripts/highlight.pack.js
INFO: [ app_init ] --START--
INFO: Run Behavior\BuildLiteBehavior [ RunTime:0.000035s ]
INFO: [ app_init ] --END-- [ RunTime:0.001234s ]
ERR: 无法加载模块:Scripts

[ 2016-09-30T16:28:54+08:00 ] 127.0.0.1 /view/Home/Public/Public/Css/black.css
INFO: [ app_init ] --START--
INFO: Run Behavior\BuildLiteBehavior [ RunTime:0.000027s ]
INFO: [ app_init ] --END-- [ RunTime:0.000461s ]
ERR: 无法加载模块:View

[ 2016-09-30T16:28:54+08:00 ] 127.0.0.1 /view/Home/Public/Public/Css/blog.css
INFO: [ app_init ] --START--
INFO: Run Behavior\BuildLiteBehavior [ RunTime:0.000029s ]
INFO: [ app_init ] --END-- [ RunTime:0.000485s ]
ERR: 无法加载模块:View

[ 2016-09-30T16:28:54+08:00 ] 127.0.0.1 /view/Home/Public/Public/Css/font-awesome.min.css
INFO: [ app_init ] --START--
INFO: Run Behavior\BuildLiteBehavior [ RunTime:0.000028s ]
INFO: [ app_init ] --END-- [ RunTime:0.000453s ]
ERR: 无法加载模块:View

[ 2016-09-30T16:28:55+08:00 ] 127.0.0.1 /Scripts/jquery.min.js
INFO: [ app_init ] --START--
INFO: Run Behavior\BuildLiteBehavior [ RunTime:0.000027s ]
INFO: [ app_init ] --END-- [ RunTime:0.000422s ]
ERR: 无法加载模块:Scripts

[ 2016-09-30T16:28:55+08:00 ] 127.0.0.1 /Scripts/highlight.pack.js
INFO: [ app_init ] --START--
INFO: Run Behavior\BuildLiteBehavior [ RunTime:0.000029s ]
INFO: [ app_init ] --END-- [ RunTime:0.000491s ]
ERR: 无法加载模块:Scripts

[ 2016-09-30T16:28:55+08:00 ] 127.0.0.1 /Picture/wechatimg6.jpeg
INFO: [ app_init ] --START--
INFO: Run Behavior\BuildLiteBehavior [ RunTime:0.000029s ]
INFO: [ app_init ] --END-- [ RunTime:0.000588s ]
ERR: 无法加载模块:Picture

[ 2016-09-30T16:28:55+08:00 ] 127.0.0.1 /Scripts/main.js
INFO: [ app_init ] --START--
INFO: Run Behavior\BuildLiteBehavior [ RunTime:0.000032s ]
INFO: [ app_init ] --END-- [ RunTime:0.000550s ]
ERR: 无法加载模块:Scripts

[ 2016-09-30T16:29:03+08:00 ] 127.0.0.1 /view/Home/Public/Public/Css/black.css
INFO: [ app_init ] --START--
INFO: Run Behavior\BuildLiteBehavior [ RunTime:0.000027s ]
INFO: [ app_init ] --END-- [ RunTime:0.000529s ]
ERR: 无法加载模块:View

[ 2016-09-30T16:29:03+08:00 ] 127.0.0.1 /view/Home/Public/Public/Css/blog.css
INFO: [ app_init ] --START--
INFO: Run Behavior\BuildLiteBehavior [ RunTime:0.000035s ]
INFO: [ app_init ] --END-- [ RunTime:0.001209s ]
ERR: 无法加载模块:View

[ 2016-09-30T16:29:03+08:00 ] 127.0.0.1 /view/Home/Public/Public/Css/font-awesome.min.css
INFO: [ app_init ] --START--
INFO: Run Behavior\BuildLiteBehavior [ RunTime:0.000030s ]
INFO: [ app_init ] --END-- [ RunTime:0.000502s ]
ERR: 无法加载模块:View

[ 2016-09-30T16:29:03+08:00 ] 127.0.0.1 /Scripts/highlight.pack.js
INFO: [ app_init ] --START--
INFO: Run Behavior\BuildLiteBehavior [ RunTime:0.000046s ]
INFO: [ app_init ] --END-- [ RunTime:0.000856s ]
ERR: 无法加载模块:Scripts

[ 2016-09-30T16:29:03+08:00 ] 127.0.0.1 /Scripts/jquery.min.js
INFO: [ app_init ] --START--
INFO: Run Behavior\BuildLiteBehavior [ RunTime:0.000031s ]
INFO: [ app_init ] --END-- [ RunTime:0.000551s ]
ERR: 无法加载模块:Scripts

[ 2016-09-30T16:29:03+08:00 ] 127.0.0.1 /Picture/wechatimg6.jpeg
INFO: [ app_init ] --START--
INFO: Run Behavior\BuildLiteBehavior [ RunTime:0.000027s ]
INFO: [ app_init ] --END-- [ RunTime:0.000430s ]
ERR: 无法加载模块:Picture

[ 2016-09-30T16:29:03+08:00 ] 127.0.0.1 /Scripts/main.js
INFO: [ app_init ] --START--
INFO: Run Behavior\BuildLiteBehavior [ RunTime:0.000053s ]
INFO: [ app_init ] --END-- [ RunTime:0.000874s ]
ERR: 无法加载模块:Scripts

[ 2016-09-30T16:29:04+08:00 ] 127.0.0.1 /Picture/wechatimg6.jpeg
INFO: [ app_init ] --START--
INFO: Run Behavior\BuildLiteBehavior [ RunTime:0.000029s ]
INFO: [ app_init ] --END-- [ RunTime:0.000498s ]
ERR: 无法加载模块:Picture

[ 2016-09-30T16:29:52+08:00 ] 127.0.0.1 /view/Home/Public/Public/Css/black.css
INFO: [ app_init ] --START--
INFO: Run Behavior\BuildLiteBehavior [ RunTime:0.000033s ]
INFO: [ app_init ] --END-- [ RunTime:0.000676s ]
ERR: 无法加载模块:View

[ 2016-09-30T16:29:52+08:00 ] 127.0.0.1 /Scripts/highlight.pack.js
INFO: [ app_init ] --START--
INFO: Run Behavior\BuildLiteBehavior [ RunTime:0.000032s ]
INFO: [ app_init ] --END-- [ RunTime:0.000475s ]
ERR: 无法加载模块:Scripts

[ 2016-09-30T16:29:52+08:00 ] 127.0.0.1 /Scripts/jquery.min.js
INFO: [ app_init ] --START--
INFO: Run Behavior\BuildLiteBehavior [ RunTime:0.000028s ]
INFO: [ app_init ] --END-- [ RunTime:0.000434s ]
ERR: 无法加载模块:Scripts

[ 2016-09-30T16:29:52+08:00 ] 127.0.0.1 /view/Home/Public/Public/Css/font-awesome.min.css
INFO: [ app_init ] --START--
INFO: Run Behavior\BuildLiteBehavior [ RunTime:0.000028s ]
INFO: [ app_init ] --END-- [ RunTime:0.000495s ]
ERR: 无法加载模块:View

[ 2016-09-30T16:29:53+08:00 ] 127.0.0.1 /Scripts/main.js
INFO: [ app_init ] --START--
INFO: Run Behavior\BuildLiteBehavior [ RunTime:0.000033s ]
INFO: [ app_init ] --END-- [ RunTime:0.000565s ]
ERR: 无法加载模块:Scripts

[ 2016-09-30T16:29:53+08:00 ] 127.0.0.1 /Scripts/highlight.pack.js
INFO: [ app_init ] --START--
INFO: Run Behavior\BuildLiteBehavior [ RunTime:0.000059s ]
INFO: [ app_init ] --END-- [ RunTime:0.000641s ]
ERR: 无法加载模块:Scripts

[ 2016-09-30T16:29:53+08:00 ] 127.0.0.1 /view/Home/Public/Public/Css/blog.css
INFO: [ app_init ] --START--
INFO: Run Behavior\BuildLiteBehavior [ RunTime:0.000029s ]
INFO: [ app_init ] --END-- [ RunTime:0.000474s ]
ERR: 无法加载模块:View

[ 2016-09-30T16:29:53+08:00 ] 127.0.0.1 /Picture/wechatimg6.jpeg
INFO: [ app_init ] --START--
INFO: Run Behavior\BuildLiteBehavior [ RunTime:0.000031s ]
INFO: [ app_init ] --END-- [ RunTime:0.000526s ]
ERR: 无法加载模块:Picture

[ 2016-09-30T16:29:53+08:00 ] 127.0.0.1 /favicon.ico
INFO: [ app_init ] --START--
INFO: Run Behavior\BuildLiteBehavior [ RunTime:0.000030s ]
INFO: [ app_init ] --END-- [ RunTime:0.000559s ]
ERR: 无法加载模块:Favicon

[ 2016-09-30T16:30:31+08:00 ] 127.0.0.1 /view/Home/Public/Public/Css/black.css
INFO: [ app_init ] --START--
INFO: Run Behavior\BuildLiteBehavior [ RunTime:0.000036s ]
INFO: [ app_init ] --END-- [ RunTime:0.000605s ]
ERR: 无法加载模块:View

[ 2016-09-30T16:30:31+08:00 ] 127.0.0.1 /view/Home/Public/Public/Css/blog.css
INFO: [ app_init ] --START--
INFO: Run Behavior\BuildLiteBehavior [ RunTime:0.000029s ]
INFO: [ app_init ] --END-- [ RunTime:0.000665s ]
ERR: 无法加载模块:View

[ 2016-09-30T16:30:31+08:00 ] 127.0.0.1 /view/Home/Public/Public/Css/font-awesome.min.css
INFO: [ app_init ] --START--
INFO: Run Behavior\BuildLiteBehavior [ RunTime:0.000030s ]
INFO: [ app_init ] --END-- [ RunTime:0.000553s ]
ERR: 无法加载模块:View

[ 2016-09-30T16:30:31+08:00 ] 127.0.0.1 /Picture/wechatimg6.jpeg
INFO: [ app_init ] --START--
INFO: Run Behavior\BuildLiteBehavior [ RunTime:0.000039s ]
INFO: [ app_init ] --END-- [ RunTime:0.006260s ]
ERR: 无法加载模块:Picture

[ 2016-09-30T16:30:31+08:00 ] 127.0.0.1 /Scripts/main.js
INFO: [ app_init ] --START--
INFO: Run Behavior\BuildLiteBehavior [ RunTime:0.000027s ]
INFO: [ app_init ] --END-- [ RunTime:0.000418s ]
ERR: 无法加载模块:Scripts

[ 2016-09-30T16:30:31+08:00 ] 127.0.0.1 /Scripts/jquery.min.js
INFO: [ app_init ] --START--
INFO: Run Behavior\BuildLiteBehavior [ RunTime:0.000032s ]
INFO: [ app_init ] --END-- [ RunTime:0.000569s ]
ERR: 无法加载模块:Scripts

[ 2016-09-30T16:30:31+08:00 ] 127.0.0.1 /Picture/wechatimg6.jpeg
INFO: [ app_init ] --START--
INFO: Run Behavior\BuildLiteBehavior [ RunTime:0.000029s ]
INFO: [ app_init ] --END-- [ RunTime:0.000500s ]
ERR: 无法加载模块:Picture

[ 2016-09-30T16:30:31+08:00 ] 127.0.0.1 /Scripts/highlight.pack.js
INFO: [ app_init ] --START--
INFO: Run Behavior\BuildLiteBehavior [ RunTime:0.000069s ]
INFO: [ app_init ] --END-- [ RunTime:0.001071s ]
ERR: 无法加载模块:Scripts

[ 2016-09-30T16:31:34+08:00 ] 127.0.0.1 /view/Home/Public/Public/Css/black.css
INFO: [ app_init ] --START--
INFO: Run Behavior\BuildLiteBehavior [ RunTime:0.000053s ]
INFO: [ app_init ] --END-- [ RunTime:0.000725s ]
ERR: 无法加载模块:View

[ 2016-09-30T16:31:34+08:00 ] 127.0.0.1 /view/Home/Public/Public/Css/blog.css
INFO: [ app_init ] --START--
INFO: Run Behavior\BuildLiteBehavior [ RunTime:0.000033s ]
INFO: [ app_init ] --END-- [ RunTime:0.000509s ]
ERR: 无法加载模块:View

[ 2016-09-30T16:31:34+08:00 ] 127.0.0.1 /Picture/wechatimg6.jpeg
INFO: [ app_init ] --START--
INFO: Run Behavior\BuildLiteBehavior [ RunTime:0.000028s ]
INFO: [ app_init ] --END-- [ RunTime:0.000450s ]
ERR: 无法加载模块:Picture

[ 2016-09-30T16:31:34+08:00 ] 127.0.0.1 /Scripts/jquery.min.js
INFO: [ app_init ] --START--
INFO: Run Behavior\BuildLiteBehavior [ RunTime:0.000029s ]
INFO: [ app_init ] --END-- [ RunTime:0.000500s ]
ERR: 无法加载模块:Scripts

[ 2016-09-30T16:31:34+08:00 ] 127.0.0.1 /Scripts/main.js
INFO: [ app_init ] --START--
INFO: Run Behavior\BuildLiteBehavior [ RunTime:0.000030s ]
INFO: [ app_init ] --END-- [ RunTime:0.000553s ]
ERR: 无法加载模块:Scripts

[ 2016-09-30T16:31:34+08:00 ] 127.0.0.1 /Scripts/highlight.pack.js
INFO: [ app_init ] --START--
INFO: Run Behavior\BuildLiteBehavior [ RunTime:0.000030s ]
INFO: [ app_init ] --END-- [ RunTime:0.000528s ]
ERR: 无法加载模块:Scripts

[ 2016-09-30T16:31:34+08:00 ] 127.0.0.1 /view/Home/Public/Public/Css/font-awesome.min.css
INFO: [ app_init ] --START--
INFO: Run Behavior\BuildLiteBehavior [ RunTime:0.000030s ]
INFO: [ app_init ] --END-- [ RunTime:0.000501s ]
ERR: 无法加载模块:View

[ 2016-09-30T16:31:34+08:00 ] 127.0.0.1 /Picture/wechatimg6.jpeg
INFO: [ app_init ] --START--
INFO: Run Behavior\BuildLiteBehavior [ RunTime:0.000028s ]
INFO: [ app_init ] --END-- [ RunTime:0.000483s ]
ERR: 无法加载模块:Picture

[ 2016-09-30T16:35:25+08:00 ] 127.0.0.1 /view/Home/Public/Public/Css/blog.css
INFO: [ app_init ] --START--
INFO: Run Behavior\BuildLiteBehavior [ RunTime:0.000034s ]
INFO: [ app_init ] --END-- [ RunTime:0.000578s ]
ERR: 无法加载模块:View

[ 2016-09-30T16:35:25+08:00 ] 127.0.0.1 /Scripts/main.js
INFO: [ app_init ] --START--
INFO: Run Behavior\BuildLiteBehavior [ RunTime:0.000031s ]
INFO: [ app_init ] --END-- [ RunTime:0.000504s ]
ERR: 无法加载模块:Scripts

ts

法加载模块:View

[ 2016-09-30T16:35:25+08:00 ] 127.0.0.1 /Picture/wechatimg6.jpeg
INFO: [ app_init ] --START--
INFO: Run Behavior\BuildLiteBehavior [ RunTime:0.000027s ]
INFO: [ app_init ] --END-- [ RunTime:0.000449s ]
ERR: 无法加载模块:Picture

[ 2016-09-30T16:35:56+08:00 ] 127.0.0.1 /view/Home/Public/Public/Css/black.css
INFO: [ app_init ] --START--
INFO: Run Behavior\BuildLiteBehavior [ RunTime:0.000028s ]
INFO: [ app_init ] --END-- [ RunTime:0.000464s ]
ERR: 无法加载模块:View

[ 2016-09-30T16:35:56+08:00 ] 127.0.0.1 /view/Home/Public/Public/Css/blog.css
INFO: [ app_init ] --START--
INFO: Run Behavior\BuildLiteBehavior [ RunTime:0.000030s ]
INFO: [ app_init ] --END-- [ RunTime:0.001136s ]
ERR: 无法加载模块:View

[ 2016-09-30T16:35:56+08:00 ] 127.0.0.1 /view/Home/Public/Public/Css/font-awesome.min.css
INFO: [ app_init ] --START--
INFO: Run Behavior\BuildLiteBehavior [ RunTime:0.000029s ]
INFO: [ app_init ] --END-- [ RunTime:0.000503s ]
ERR: 无法加载模块:View

[ 2016-09-30T16:35:56+08:00 ] 127.0.0.1 /Picture/wechatimg6.jpeg
INFO: [ app_init ] --START--
INFO: Run Behavior\BuildLiteBehavior [ RunTime:0.000026s ]
INFO: [ app_init ] --END-- [ RunTime:0.000499s ]
ERR: 无法加载模块:Picture

[ 2016-09-30T16:35:56+08:00 ] 127.0.0.1 /Scripts/jquery.min.js
INFO: [ app_init ] --START--
INFO: Run Behavior\BuildLiteBehavior [ RunTime:0.000029s ]
INFO: [ app_init ] --END-- [ RunTime:0.000515s ]
ERR: 无法加载模块:Scripts

[ 2016-09-30T16:35:56+08:00 ] 127.0.0.1 /Scripts/highlight.pack.js
INFO: [ app_init ] --START--
INFO: Run Behavior\BuildLiteBehavior [ RunTime:0.000027s ]
INFO: [ app_init ] --END-- [ RunTime:0.000453s ]
ERR: 无法加载模块:Scripts

[ 2016-09-30T16:35:56+08:00 ] 127.0.0.1 /Scripts/main.js
INFO: [ app_init ] --START--
INFO: Run Behavior\BuildLiteBehavior [ RunTime:0.000031s ]
INFO: [ app_init ] --END-- [ RunTime:0.000511s ]
ERR: 无法加载模块:Scripts

[ 2016-09-30T16:35:58+08:00 ] 127.0.0.1 /Scripts/jquery.min.js
INFO: [ app_init ] --START--
INFO: Run Behavior\BuildLiteBehavior [ RunTime:0.000030s ]
INFO: [ app_init ] --END-- [ RunTime:0.000549s ]
ERR: 无法加载模块:Scripts

[ 2016-09-30T16:35:58+08:00 ] 127.0.0.1 /view/Home/Public/Public/Css/black.css
INFO: [ app_init ] --START--
INFO: Run Behavior\BuildLiteBehavior [ RunTime:0.000032s ]
INFO: [ app_init ] --END-- [ RunTime:0.000434s ]
ERR: 无法加载模块:View

[ 2016-09-30T16:35:58+08:00 ] 127.0.0.1 /Picture/wechatimg6.jpeg
INFO: [ app_init ] --START--
INFO: Run Behavior\BuildLiteBehavior [ RunTime:0.000030s ]
INFO: [ app_init ] --END-- [ RunTime:0.000556s ]
ERR: 无法加载模块:Picture

[ 2016-09-30T16:35:58+08:00 ] 127.0.0.1 /Scripts/main.js
INFO: [ app_init ] --START--
INFO: Run Behavior\BuildLiteBehavior [ RunTime:0.000030s ]
INFO: [ app_init ] --END-- [ RunTime:0.000527s ]
ERR: 无法加载模块:Scripts

[ 2016-09-30T16:35:58+08:00 ] 127.0.0.1 /view/Home/Public/Public/Css/blog.css
INFO: [ app_init ] --START--
INFO: Run Behavior\BuildLiteBehavior [ RunTime:0.000027s ]
INFO: [ app_init ] --END-- [ RunTime:0.000479s ]
ERR: 无法加载模块:View

[ 2016-09-30T16:35:58+08:00 ] 127.0.0.1 /Scripts/highlight.pack.js
INFO: [ app_init ] --START--
INFO: Run Behavior\BuildLiteBehavior [ RunTime:0.000031s ]
INFO: [ app_init ] --END-- [ RunTime:0.000476s ]
ERR: 无法加载模块:Scripts

[ 2016-09-30T16:35:58+08:00 ] 127.0.0.1 /view/Home/Public/Public/Css/font-awesome.min.css
INFO: [ app_init ] --START--
INFO: Run Behavior\BuildLiteBehavior [ RunTime:0.000029s ]
INFO: [ app_init ] --END-- [ RunTime:0.000526s ]
ERR: 无法加载模块:View

[ 2016-09-30T16:35:58+08:00 ] 127.0.0.1 /Picture/wechatimg6.jpeg
INFO: [ app_init ] --START--
INFO: Run Behavior\BuildLiteBehavior [ RunTime:0.000031s ]
INFO: [ app_init ] --END-- [ RunTime:0.000492s ]
ERR: 无法加载模块:Picture

[ 2016-09-30T16:36:48+08:00 ] 127.0.0.1 /Scripts/main.js
INFO: [ app_init ] --START--
INFO: Run Behavior\BuildLiteBehavior [ RunTime:0.000028s ]
INFO: [ app_init ] --END-- [ RunTime:0.000433s ]
ERR: 无法加载模块:Scripts

[ 2016-09-30T16:36:48+08:00 ] 127.0.0.1 /Scripts/highlight.pack.js
INFO: [ app_init ] --START--
INFO: Run Behavior\BuildLiteBehavior [ RunTime:0.000029s ]
INFO: [ app_init ] --END-- [ RunTime:0.000421s ]
ERR: 无法加载模块:Scripts

[ 2016-09-30T16:36:48+08:00 ] 127.0.0.1 /view/Home/Public/Public/Css/font-awesome.min.css
INFO: [ app_init ] --START--
INFO: Run Behavior\BuildLiteBehavior [ RunTime:0.000026s ]
INFO: [ app_init ] --END-- [ RunTime:0.000480s ]
ERR: 无法加载模块:View

[ 2016-09-30T16:36:48+08:00 ] 127.0.0.1 /Scripts/jquery.min.js
INFO: [ app_init ] --START--
INFO: Run Behavior\BuildLiteBehavior [ RunTime:0.000029s ]
INFO: [ app_init ] --END-- [ RunTime:0.000461s ]
ERR: 无法加载模块:Scripts

[ 2016-09-30T16:36:48+08:00 ] 127.0.0.1 /view/Home/Public/Public/Css/blog.css
INFO: [ app_init ] --START--
INFO: Run Behavior\BuildLiteBehavior [ RunTime:0.000029s ]
INFO: [ app_init ] --END-- [ RunTime:0.000522s ]
ERR: 无法加载模块:View

[ 2016-09-30T16:36:48+08:00 ] 127.0.0.1 /view/Home/Public/Public/Css/black.css
INFO: [ app_init ] --START--
INFO: Run Behavior\BuildLiteBehavior [ RunTime:0.000034s ]
INFO: [ app_init ] --END-- [ RunTime:0.003561s ]
ERR: 无法加载模块:View

[ 2016-09-30T16:36:48+08:00 ] 127.0.0.1 /Scripts/main.js
INFO: [ app_init ] --START--
INFO: Run Behavior\BuildLiteBehavior [ RunTime:0.000028s ]
INFO: [ app_init ] --END-- [ RunTime:0.000453s ]
ERR: 无法加载模块:Scripts

[ 2016-09-30T16:36:48+08:00 ] 127.0.0.1 /Picture/wechatimg6.jpeg
INFO: [ app_init ] --START--
INFO: Run Behavior\BuildLiteBehavior [ RunTime:0.000026s ]
INFO: [ app_init ] --END-- [ RunTime:0.000412s ]
ERR: 无法加载模块:Picture

[ 2016-09-30T16:36:48+08:00 ] 127.0.0.1 /Scripts/highlight.pack.js
INFO: [ app_init ] --START--
INFO: Run Behavior\BuildLiteBehavior [ RunTime:0.000030s ]
INFO: [ app_init ] --END-- [ RunTime:0.000493s ]
ERR: 无法加载模块:Scripts

[ 2016-09-30T16:36:57+08:00 ] 127.0.0.1 /view/Home/Public/Public/Css/black.css
INFO: [ app_init ] --START--
INFO: Run Behavior\BuildLiteBehavior [ RunTime:0.000029s ]
INFO: [ app_init ] --END-- [ RunTime:0.000492s ]
ERR: 无法加载模块:View

[ 2016-09-30T16:36:57+08:00 ] 127.0.0.1 /view/Home/Public/Public/Css/blog.css
INFO: [ app_init ] --START--
INFO: Run Behavior\BuildLiteBehavior [ RunTime:0.000043s ]
INFO: [ app_init ] --END-- [ RunTime:0.000718s ]
ERR: 无法加载模块:View

[ 2016-09-30T16:36:57+08:00 ] 127.0.0.1 /view/Home/Public/Public/Css/font-awesome.min.css
INFO: [ app_init ] --START--
INFO: Run Behavior\BuildLiteBehavior [ RunTime:0.000033s ]
INFO: [ app_init ] --END-- [ RunTime:0.005872s ]
ERR: 无法加载模块:View

[ 2016-09-30T16:36:57+08:00 ] 127.0.0.1 /Scripts/main.js
INFO: [ app_init ] --START--
INFO: Run Behavior\BuildLiteBehavior [ RunTime:0.000030s ]
INFO: [ app_init ] --END-- [ RunTime:0.000539s ]
ERR: 无法加载模块:Scripts

[ 2016-09-30T16:36:57+08:00 ] 127.0.0.1 /Scripts/jquery.min.js
INFO: [ app_init ] --START--
INFO: Run Behavior\BuildLiteBehavior [ RunTime:0.000026s ]
INFO: [ app_init ] --END-- [ RunTime:0.000481s ]
ERR: 无法加载模块:Scripts

[ 2016-09-30T16:36:57+08:00 ] 127.0.0.1 /Picture/wechatimg6.jpeg
INFO: [ app_init ] --START--
INFO: Run Behavior\BuildLiteBehavior [ RunTime:0.000027s ]
INFO: [ app_init ] --END-- [ RunTime:0.000401s ]
ERR: 无法加载模块:Picture

[ 2016-09-30T16:36:57+08:00 ] 127.0.0.1 /Scripts/highlight.pack.js
INFO: [ app_init ] --START--
INFO: Run Behavior\BuildLiteBehavior [ RunTime:0.000030s ]
INFO: [ app_init ] --END-- [ RunTime:0.000722s ]
ERR: 无法加载模块:Scripts

[ 2016-09-30T16:37:40+08:00 ] 127.0.0.1 /Scripts/jquery.min.js
INFO: [ app_init ] --START--
INFO: Run Behavior\BuildLiteBehavior [ RunTime:0.000029s ]
INFO: [ app_init ] --END-- [ RunTime:0.000548s ]
ERR: 无法加载模块:Scripts

[ 2016-09-30T16:37:40+08:00 ] 127.0.0.1 /Scripts/highlight.pack.js
INFO: [ app_init ] --START--
INFO: Run Behavior\BuildLiteBehavior [ RunTime:0.000030s ]
INFO: [ app_init ] --END-- [ RunTime:0.000458s ]
ERR: 无法加载模块:Scripts

[ 2016-09-30T16:37:40+08:00 ] 127.0.0.1 /Scripts/main.js
INFO: [ app_init ] --START--
INFO: Run Behavior\BuildLiteBehavior [ RunTime:0.000029s ]
INFO: [ app_init ] --END-- [ RunTime:0.000643s ]
ERR: 无法加载模块:Scripts

[ 2016-09-30T16:37:40+08:00 ] 127.0.0.1 /view/Home/Public/fonts/fontawesome-webfont.woff?v=4.1.0
INFO: [ app_init ] --START--
INFO: Run Behavior\BuildLiteBehavior [ RunTime:0.000038s ]
INFO: [ app_init ] --END-- [ RunTime:0.000580s ]
ERR: 无法加载模块:View

[ 2016-09-30T16:37:40+08:00 ] 127.0.0.1 /Picture/wechatimg6.jpeg
INFO: [ app_init ] --START--
INFO: Run Behavior\BuildLiteBehavior [ RunTime:0.000030s ]
INFO: [ app_init ] --END-- [ RunTime:0.000527s ]
ERR: 无法加载模块:Picture

[ 2016-09-30T16:37:41+08:00 ] 127.0.0.1 /view/Home/Public/fonts/fontawesome-webfont.ttf?v=4.1.0
INFO: [ app_init ] --START--
INFO: Run Behavior\BuildLiteBehavior [ RunTime:0.000028s ]
INFO: [ app_init ] --END-- [ RunTime:0.000434s ]
ERR: 无法加载模块:View

[ 2016-09-30T16:37:47+08:00 ] 127.0.0.1 /Scripts/jquery.min.js
INFO: [ app_init ] --START--
INFO: Run Behavior\BuildLiteBehavior [ RunTime:0.000030s ]
INFO: [ app_init ] --END-- [ RunTime:0.000695s ]
ERR: 无法加载模块:Scripts

[ 2016-09-30T16:37:47+08:00 ] 127.0.0.1 /Picture/wechatimg6.jpeg
INFO: [ app_init ] --START--
INFO: Run Behavior\BuildLiteBehavior [ RunTime:0.000032s ]
INFO: [ app_init ] --END-- [ RunTime:0.000494s ]
ERR: 无法加载模块:Picture

[ 2016-09-30T16:37:47+08:00 ] 127.0.0.1 /Scripts/main.js
INFO: [ app_init ] --START--
INFO: Run Behavior\BuildLiteBehavior [ RunTime:0.000032s ]
INFO: [ app_init ] --END-- [ RunTime:0.000561s ]
ERR: 无法加载模块:Scripts

[ 2016-09-30T16:37:47+08:00 ] 127.0.0.1 /Scripts/highlight.pack.js
INFO: [ app_init ] --START--
INFO: Run Behavior\BuildLiteBehavior [ RunTime:0.000032s ]
INFO: [ app_init ] --END-- [ RunTime:0.000683s ]
ERR: 无法加载模块:Scripts

[ 2016-09-30T16:37:58+08:00 ] 127.0.0.1 /Scripts/main.js
INFO: [ app_init ] --START--
INFO: Run Behavior\BuildLiteBehavior [ RunTime:0.000031s ]
INFO: [ app_init ] --END-- [ RunTime:0.000547s ]
ERR: 无法加载模块:Scripts

[ 2016-09-30T16:37:58+08:00 ] 127.0.0.1 /Scripts/jquery.min.js
INFO: [ app_init ] --START--
INFO: Run Behavior\BuildLiteBehavior [ RunTime:0.000032s ]
INFO: [ app_init ] --END-- [ RunTime:0.000783s ]
ERR: 无法加载模块:Scripts

[ 2016-09-30T16:37:58+08:00 ] 127.0.0.1 /Scripts/main.js
INFO: [ app_init ] --START--
INFO: Run Behavior\BuildLiteBehavior [ RunTime:0.000046s ]
INFO: [ app_init ] --END-- [ RunTime:0.000807s ]
ERR: 无法加载模块:Scripts

[ 2016-09-30T16:37:59+08:00 ] 127.0.0.1 /Picture/wechatimg6.jpeg
INFO: [ app_init ] --START--
INFO: Run Behavior\BuildLiteBehavior [ RunTime:0.000025s ]
INFO: [ app_init ] --END-- [ RunTime:0.000396s ]
ERR: 无法加载模块:Picture

[ 2016-09-30T16:37:59+08:00 ] 127.0.0.1 /Scripts/highlight.pack.js
INFO: [ app_init ] --START--
INFO: Run Behavior\BuildLiteBehavior [ RunTime:0.000098s ]
INFO: [ app_init ] --END-- [ RunTime:0.000702s ]
ERR: 无法加载模块:Scripts

[ 2016-09-30T16:37:59+08:00 ] 127.0.0.1 /view/Home/Public/fonts/fontawesome-webfont.woff?v=4.1.0
INFO: [ app_init ] --START--
INFO: Run Behavior\BuildLiteBehavior [ RunTime:0.000037s ]
INFO: [ app_init ] --END-- [ RunTime:0.000821s ]
ERR: 无法加载模块:View

[ 2016-09-30T16:37:59+08:00 ] 127.0.0.1 /view/Home/Public/fonts/fontawesome-webfont.ttf?v=4.1.0
INFO: [ app_init ] --START--
INFO: Run Behavior\BuildLiteBehavior [ RunTime:0.000029s ]
INFO: [ app_init ] --END-- [ RunTime:0.000439s ]
ERR: 无法加载模块:View

[ 2016-09-30T16:38:54+08:00 ] 127.0.0.1 /Scripts/jquery.min.js
INFO: [ app_init ] --START--
INFO: Run Behavior\BuildLiteBehavior [ RunTime:0.000029s ]
INFO: [ app_init ] --END-- [ RunTime:0.000435s ]
ERR: 无法加载模块:Scripts

[ 2016-09-30T16:38:54+08:00 ] 127.0.0.1 /Scripts/highlight.pack.js
INFO: [ app_init ] --START--
INFO: Run Behavior\BuildLiteBehavior [ RunTime:0.000031s ]
INFO: [ app_init ] --END-- [ RunTime:0.000420s ]
ERR: 无法加载模块:Scripts

[ 2016-09-30T16:38:54+08:00 ] 127.0.0.1 /Scripts/main.js
INFO: [ app_init ] --START--
INFO: Run Behavior\BuildLiteBehavior [ RunTime:0.000027s ]
INFO: [ app_init ] --END-- [ RunTime:0.000444s ]
ERR: 无法加载模块:Scripts

[ 2016-09-30T16:38:54+08:00 ] 127.0.0.1 /view/Home/Public/fonts/fontawesome-webfont.woff?v=4.1.0
INFO: [ app_init ] --START--
INFO: Run Behavior\BuildLiteBehavior [ RunTime:0.000041s ]
INFO: [ app_init ] --END-- [ RunTime:0.000543s ]
ERR: 无法加载模块:View

[ 2016-09-30T16:38:54+08:00 ] 127.0.0.1 /Picture/wechatimg6.jpeg
INFO: [ app_init ] --START--
INFO: Run Behavior\BuildLiteBehavior [ RunTime:0.000046s ]
INFO: [ app_init ] --END-- [ RunTime:0.000750s ]
ERR: 无法加载模块:Picture

[ 2016-09-30T16:38:54+08:00 ] 127.0.0.1 /view/Home/Public/fonts/fontawesome-webfont.ttf?v=4.1.0
INFO: [ app_init ] --START--
INFO: Run Behavior\BuildLiteBehavior [ RunTime:0.000030s ]
INFO: [ app_init ] --END-- [ RunTime:0.000478s ]
ERR: 无法加载模块:View

[ 2016-09-30T16:42:44+08:00 ] 127.0.0.1 /Scripts/main.js
INFO: [ app_init ] --START--
INFO: Run Behavior\BuildLiteBehavior [ RunTime:0.000028s ]
INFO: [ app_init ] --END-- [ RunTime:0.000840s ]
ERR: 无法加载模块:Scripts

[ 2016-09-30T16:42:44+08:00 ] 127.0.0.1 /Scripts/jquery.min.js
INFO: [ app_init ] --START--
INFO: Run Behavior\BuildLiteBehavior [ RunTime:0.000029s ]
INFO: [ app_init ] --END-- [ RunTime:0.001052s ]
ERR: 无法加载模块:Scripts

[ 2016-09-30T16:42:44+08:00 ] 127.0.0.1 /Scripts/highlight.pack.js
INFO: [ app_init ] --START--
INFO: Run Behavior\BuildLiteBehavior [ RunTime:0.000037s ]
INFO: [ app_init ] --END-- [ RunTime:0.000825s ]
ERR: 无法加载模块:Scripts

[ 2016-09-30T16:42:44+08:00 ] 127.0.0.1 /Picture/wechatimg6.jpeg
INFO: [ app_init ] --START--
INFO: Run Behavior\BuildLiteBehavior [ RunTime:0.000029s ]
INFO: [ app_init ] --END-- [ RunTime:0.000478s ]
ERR: 无法加载模块:Picture

[ 2016-09-30T16:42:46+08:00 ] 127.0.0.1 /Scripts/highlight.pack.js
INFO: [ app_init ] --START--
INFO: Run Behavior\BuildLiteBehavior [ RunTime:0.000028s ]
INFO: [ app_init ] --END-- [ RunTime:0.000407s ]
ERR: 无法加载模块:Scripts

[ 2016-09-30T16:42:46+08:00 ] 127.0.0.1 /Scripts/jquery.min.js
INFO: [ app_init ] --START--
INFO: Run Behavior\BuildLiteBehavior [ RunTime:0.000024s ]
INFO: [ app_init ] --END-- [ RunTime:0.000458s ]
ERR: 无法加载模块:Scripts

[ 2016-09-30T16:42:46+08:00 ] 127.0.0.1 /Picture/wechatimg6.jpeg
INFO: [ app_init ] --START--
INFO: Run Behavior\BuildLiteBehavior [ RunTime:0.000027s ]
INFO: [ app_init ] --END-- [ RunTime:0.000401s ]
ERR: 无法加载模块:Picture

[ 2016-09-30T16:42:46+08:00 ] 127.0.0.1 /Scripts/main.js
INFO: [ app_init ] --START--
INFO: Run Behavior\BuildLiteBehavior [ RunTime:0.000026s ]
INFO: [ app_init ] --END-- [ RunTime:0.000422s ]
ERR: 无法加载模块:Scripts

[ 2016-09-30T16:42:49+08:00 ] 127.0.0.1 /Scripts/jquery.min.js
INFO: [ app_init ] --START--
INFO: Run Behavior\BuildLiteBehavior [ RunTime:0.000028s ]
INFO: [ app_init ] --END-- [ RunTime:0.000610s ]
ERR: 无法加载模块:Scripts

[ 2016-09-30T16:42:49+08:00 ] 127.0.0.1 /Scripts/highlight.pack.js
INFO: [ app_init ] --START--
INFO: Run Behavior\BuildLiteBehavior [ RunTime:0.000029s ]
INFO: [ app_init ] --END-- [ RunTime:0.000544s ]
ERR: 无法加载模块:Scripts

[ 2016-09-30T16:42:49+08:00 ] 127.0.0.1 /Picture/wechatimg6.jpeg
INFO: [ app_init ] --START--
INFO: Run Behavior\BuildLiteBehavior [ RunTime:0.000030s ]
INFO: [ app_init ] --END-- [ RunTime:0.000560s ]
ERR: 无法加载模块:Picture

[ 2016-09-30T16:42:49+08:00 ] 127.0.0.1 /Scripts/main.js
INFO: [ app_init ] --START--
INFO: Run Behavior\BuildLiteBehavior [ RunTime:0.000028s ]
INFO: [ app_init ] --END-- [ RunTime:0.000474s ]
ERR: 无法加载模块:Scripts

[ 2016-09-30T16:42:49+08:00 ] 127.0.0.1 /Scripts/highlight.pack.js
INFO: [ app_init ] --START--
INFO: Run Behavior\BuildLiteBehavior [ RunTime:0.000033s ]
INFO: [ app_init ] --END-- [ RunTime:0.000771s ]
ERR: 无法加载模块:Scripts

[ 2016-09-30T16:42:49+08:00 ] 127.0.0.1 /view/Home/Public/fonts/fontawesome-webfont.woff?v=4.1.0
INFO: [ app_init ] --START--
INFO: Run Behavior\BuildLiteBehavior [ RunTime:0.000028s ]
INFO: [ app_init ] --END-- [ RunTime:0.000555s ]
ERR: 无法加载模块:View

[ 2016-09-30T16:42:49+08:00 ] 127.0.0.1 /view/Home/Public/fonts/fontawesome-webfont.ttf?v=4.1.0
INFO: [ app_init ] --START--
INFO: Run Behavior\BuildLiteBehavior [ RunTime:0.000029s ]
INFO: [ app_init ] --END-- [ RunTime:0.000497s ]
ERR: 无法加载模块:View

[ 2016-09-30T16:53:19+08:00 ] 127.0.0.1 /Picture/wechatimg6.jpeg
INFO: [ app_init ] --START--
INFO: Run Behavior\BuildLiteBehavior [ RunTime:0.000027s ]
INFO: [ app_init ] --END-- [ RunTime:0.000502s ]
ERR: 无法加载模块:Picture

[ 2016-09-30T16:53:19+08:00 ] 127.0.0.1 /Scripts/highlight.pack.js
INFO: [ app_init ] --START--
INFO: Run Behavior\BuildLiteBehavior [ RunTime:0.000028s ]
INFO: [ app_init ] --END-- [ RunTime:0.000486s ]
ERR: 无法加载模块:Scripts

[ 2016-09-30T16:53:19+08:00 ] 127.0.0.1 /Scripts/jquery.min.js
INFO: [ app_init ] --START--
INFO: Run Behavior\BuildLiteBehavior [ RunTime:0.000030s ]
INFO: [ app_init ] --END-- [ RunTime:0.000644s ]
ERR: 无法加载模块:Scripts

[ 2016-09-30T16:53:19+08:00 ] 127.0.0.1 /Picture/wechatimg6.jpeg
INFO: [ app_init ] --START--
INFO: Run Behavior\BuildLiteBehavior [ RunTime:0.000030s ]
INFO: [ app_init ] --END-- [ RunTime:0.000455s ]
ERR: 无法加载模块:Picture

[ 2016-09-30T16:53:19+08:00 ] 127.0.0.1 /Scripts/main.js
INFO: [ app_init ] --START--
INFO: Run Behavior\BuildLiteBehavior [ RunTime:0.000030s ]
INFO: [ app_init ] --END-- [ RunTime:0.000547s ]
ERR: 无法加载模块:Scripts

[ 2016-09-30T16:53:21+08:00 ] 127.0.0.1 /Picture/wechatimg6.jpeg
INFO: [ app_init ] --START--
INFO: Run Behavior\BuildLiteBehavior [ RunTime:0.000029s ]
INFO: [ app_init ] --END-- [ RunTime:0.000478s ]
ERR: 无法加载模块:Picture

[ 2016-09-30T16:53:21+08:00 ] 127.0.0.1 /Scripts/main.js
INFO: [ app_init ] --START--
INFO: Run Behavior\BuildLiteBehavior [ RunTime:0.000334s ]
INFO: [ app_init ] --END-- [ RunTime:0.000888s ]
ERR: 无法加载模块:Scripts

[ 2016-09-30T16:53:21+08:00 ] 127.0.0.1 /Scripts/highlight.pack.js
INFO: [ app_init ] --START--
INFO: Run Behavior\BuildLiteBehavior [ RunTime:0.000078s ]
INFO: [ app_init ] --END-- [ RunTime:0.000734s ]
ERR: 无法加载模块:Scripts

[ 2016-09-30T16:53:21+08:00 ] 127.0.0.1 /Scripts/jquery.min.js
INFO: [ app_init ] --START--
INFO: Run Behavior\BuildLiteBehavior [ RunTime:0.000028s ]
INFO: [ app_init ] --END-- [ RunTime:0.000519s ]
ERR: 无法加载模块:Scripts

[ 2016-09-30T16:53:21+08:00 ] 127.0.0.1 /Picture/wechatimg6.jpeg
INFO: [ app_init ] --START--
INFO: Run Behavior\BuildLiteBehavior [ RunTime:0.000031s ]
INFO: [ app_init ] --END-- [ RunTime:0.000546s ]
ERR: 无法加载模块:Picture

[ 2016-09-30T16:54:23+08:00 ] 127.0.0.1 /Scripts/main.js
INFO: [ app_init ] --START--
INFO: Run Behavior\BuildLiteBehavior [ RunTime:0.000035s ]
INFO: [ app_init ] --END-- [ RunTime:0.000564s ]
ERR: 无法加载模块:Scripts

[ 2016-09-30T16:54:23+08:00 ] 127.0.0.1 /Scripts/highlight.pack.js
INFO: [ app_init ] --START--
INFO: Run Behavior\BuildLiteBehavior [ RunTime:0.000027s ]
INFO: [ app_init ] --END-- [ RunTime:0.000398s ]
ERR: 无法加载模块:Scripts

[ 2016-09-30T16:54:23+08:00 ] 127.0.0.1 /Picture/wechatimg6.jpeg
INFO: [ app_init ] --START--
INFO: Run Behavior\BuildLiteBehavior [ RunTime:0.000030s ]
INFO: [ app_init ] --END-- [ RunTime:0.000691s ]
ERR: 无法加载模块:Picture

[ 2016-09-30T16:54:23+08:00 ] 127.0.0.1 /Scripts/jquery.min.js
INFO: [ app_init ] --START--
INFO: Run Behavior\BuildLiteBehavior [ RunTime:0.000048s ]
INFO: [ app_init ] --END-- [ RunTime:0.000764s ]
ERR: 无法加载模块:Scripts

[ 2016-09-30T16:54:23+08:00 ] 127.0.0.1 /Picture/wechatimg6.jpeg
INFO: [ app_init ] --START--
INFO: Run Behavior\BuildLiteBehavior [ RunTime:0.000026s ]
INFO: [ app_init ] --END-- [ RunTime:0.000407s ]
ERR: 无法加载模块:Picture

[ 2016-09-30T16:54:47+08:00 ] 127.0.0.1 /Scripts/jquery.min.js
INFO: [ app_init ] --START--
INFO: Run Behavior\BuildLiteBehavior [ RunTime:0.000027s ]
INFO: [ app_init ] --END-- [ RunTime:0.000481s ]
ERR: 无法加载模块:Scripts

[ 2016-09-30T16:54:47+08:00 ] 127.0.0.1 /Scripts/main.js
INFO: [ app_init ] --START--
INFO: Run Behavior\BuildLiteBehavior [ RunTime:0.000027s ]
INFO: [ app_init ] --END-- [ RunTime:0.000433s ]
ERR: 无法加载模块:Scripts

[ 2016-09-30T16:54:47+08:00 ] 127.0.0.1 /Scripts/highlight.pack.js
INFO: [ app_init ] --START--
INFO: Run Behavior\BuildLiteBehavior [ RunTime:0.000031s ]
INFO: [ app_init ] --END-- [ RunTime:0.000517s ]
ERR: 无法加载模块:Scripts

[ 2016-09-30T16:54:47+08:00 ] 127.0.0.1 /Picture/wechatimg6.jpeg
INFO: [ app_init ] --START--
INFO: Run Behavior\BuildLiteBehavior [ RunTime:0.000029s ]
INFO: [ app_init ] --END-- [ RunTime:0.000496s ]
ERR: 无法加载模块:Picture

[ 2016-09-30T16:57:24+08:00 ] 127.0.0.1 /Scripts/highlight.pack.js
INFO: [ app_init ] --START--
INFO: Run Behavior\BuildLiteBehavior [ RunTime:0.000023s ]
INFO: [ app_init ] --END-- [ RunTime:0.000449s ]
ERR: 无法加载模块:Scripts

[ 2016-09-30T16:57:24+08:00 ] 127.0.0.1 /Scripts/main.js
INFO: [ app_init ] --START--
INFO: Run Behavior\BuildLiteBehavior [ RunTime:0.000027s ]
INFO: [ app_init ] --END-- [ RunTime:0.000451s ]
ERR: 无法加载模块:Scripts

[ 2016-09-30T16:57:24+08:00 ] 127.0.0.1 /Scripts/jquery.min.js
INFO: [ app_init ] --START--
INFO: Run Behavior\BuildLiteBehavior [ RunTime:0.000026s ]
INFO: [ app_init ] --END-- [ RunTime:0.000439s ]
ERR: 无法加载模块:Scripts

[ 2016-09-30T16:57:24+08:00 ] 127.0.0.1 /Picture/wechatimg6.jpeg
INFO: [ app_init ] --START--
INFO: Run Behavior\BuildLiteBehavior [ RunTime:0.000037s ]
INFO: [ app_init ] --END-- [ RunTime:0.001805s ]
ERR: 无法加载模块:Picture

[ 2016-09-30T16:57:24+08:00 ] 127.0.0.1 /Picture/wechatimg6.jpeg
INFO: [ app_init ] --START--
INFO: Run Behavior\BuildLiteBehavior [ RunTime:0.000029s ]
INFO: [ app_init ] --END-- [ RunTime:0.000445s ]
ERR: 无法加载模块:Picture

[ 2016-09-30T17:00:44+08:00 ] 127.0.0.1 /Scripts/jquery.min.js
INFO: [ app_init ] --START--
INFO: Run Behavior\BuildLiteBehavior [ RunTime:0.000027s ]
INFO: [ app_init ] --END-- [ RunTime:0.000494s ]
ERR: 无法加载模块:Scripts

[ 2016-09-30T17:00:44+08:00 ] 127.0.0.1 /Scripts/highlight.pack.js
INFO: [ app_init ] --START--
INFO: Run Behavior\BuildLiteBehavior [ RunTime:0.000033s ]
INFO: [ app_init ] --END-- [ RunTime:0.002410s ]
ERR: 无法加载模块:Scripts

[ 2016-09-30T17:00:44+08:00 ] 127.0.0.1 /Picture/wechatimg6.jpeg
INFO: [ app_init ] --START--
INFO: Run Behavior\BuildLiteBehavior [ RunTime:0.000034s ]
INFO: [ app_init ] --END-- [ RunTime:0.001451s ]
ERR: 无法加载模块:Picture

[ 2016-09-30T17:00:44+08:00 ] 127.0.0.1 /Scripts/main.js
INFO: [ app_init ] --START--
INFO: Run Behavior\BuildLiteBehavior [ RunTime:0.000031s ]
INFO: [ app_init ] --END-- [ RunTime:0.000480s ]
ERR: 无法加载模块:Scripts

[ 2016-09-30T17:14:34+08:00 ] 127.0.0.1 /Scripts/main.js
INFO: [ app_init ] --START--
INFO: Run Behavior\BuildLiteBehavior [ RunTime:0.000028s ]
INFO: [ app_init ] --END-- [ RunTime:0.000477s ]
ERR: 无法加载模块:Scripts

[ 2016-09-30T17:14:34+08:00 ] 127.0.0.1 /Scripts/jquery.min.js
INFO: [ app_init ] --START--
INFO: Run Behavior\BuildLiteBehavior [ RunTime:0.000029s ]
INFO: [ app_init ] --END-- [ RunTime:0.001081s ]
ERR: 无法加载模块:Scripts

[ 2016-09-30T17:14:34+08:00 ] 127.0.0.1 /Scripts/highlight.pack.js
INFO: [ app_init ] --START--
INFO: Run Behavior\BuildLiteBehavior [ RunTime:0.000028s ]
INFO: [ app_init ] --END-- [ RunTime:0.000492s ]
ERR: 无法加载模块:Scripts

[ 2016-09-30T17:14:36+08:00 ] 127.0.0.1 /Scripts/jquery.min.js
INFO: [ app_init ] --START--
INFO: Run Behavior\BuildLiteBehavior [ RunTime:0.000049s ]
INFO: [ app_init ] --END-- [ RunTime:0.001410s ]
ERR: 无法加载模块:Scripts

[ 2016-09-30T17:14:36+08:00 ] 127.0.0.1 /Scripts/main.js
INFO: [ app_init ] --START--
INFO: Run Behavior\BuildLiteBehavior [ RunTime:0.000027s ]
INFO: [ app_init ] --END-- [ RunTime:0.000456s ]
ERR: 无法加载模块:Scripts

[ 2016-09-30T17:14:36+08:00 ] 127.0.0.1 /Scripts/highlight.pack.js
INFO: [ app_init ] --START--
INFO: Run Behavior\BuildLiteBehavior [ RunTime:0.000031s ]
INFO: [ app_init ] --END-- [ RunTime:0.000666s ]
ERR: 无法加载模块:Scripts

[ 2016-09-30T17:14:43+08:00 ] 127.0.0.1 /Scripts/jquery.min.js
INFO: [ app_init ] --START--
INFO: Run Behavior\BuildLiteBehavior [ RunTime:0.000030s ]
INFO: [ app_init ] --END-- [ RunTime:0.000539s ]
ERR: 无法加载模块:Scripts

[ 2016-09-30T17:14:44+08:00 ] 127.0.0.1 /Scripts/highlight.pack.js
INFO: [ app_init ] --START--
INFO: Run Behavior\BuildLiteBehavior [ RunTime:0.000055s ]
INFO: [ app_init ] --END-- [ RunTime:0.000604s ]
ERR: 无法加载模块:Scripts

[ 2016-09-30T17:14:44+08:00 ] 127.0.0.1 /Scripts/main.js
INFO: [ app_init ] --START--
INFO: Run Behavior\BuildLiteBehavior [ RunTime:0.000028s ]
INFO: [ app_init ] --END-- [ RunTime:0.000504s ]
ERR: 无法加载模块:Scripts

[ 2016-09-30T17:14:46+08:00 ] 127.0.0.1 /Scripts/highlight.pack.js
INFO: [ app_init ] --START--
INFO: Run Behavior\BuildLiteBehavior [ RunTime:0.000025s ]
INFO: [ app_init ] --END-- [ RunTime:0.000398s ]
ERR: 无法加载模块:Scripts

[ 2016-09-30T17:14:46+08:00 ] 127.0.0.1 /Scripts/main.js
INFO: [ app_init ] --START--
INFO: Run Behavior\BuildLiteBehavior [ RunTime:0.000028s ]
INFO: [ app_init ] --END-- [ RunTime:0.000437s ]
ERR: 无法加载模块:Scripts

[ 2016-09-30T17:14:46+08:00 ] 127.0.0.1 /Scripts/jquery.min.js
INFO: [ app_init ] --START--
INFO: Run Behavior\BuildLiteBehavior [ RunTime:0.000026s ]
INFO: [ app_init ] --END-- [ RunTime:0.000456s ]
ERR: 无法加载模块:Scripts

[ 2016-09-30T17:14:47+08:00 ] 127.0.0.1 /Scripts/jquery.min.js
INFO: [ app_init ] --START--
INFO: Run Behavior\BuildLiteBehavior [ RunTime:0.000028s ]
INFO: [ app_init ] --END-- [ RunTime:0.000459s ]
ERR: 无法加载模块:Scripts

[ 2016-09-30T17:14:47+08:00 ] 127.0.0.1 /Scripts/highlight.pack.js
INFO: [ app_init ] --START--
INFO: Run Behavior\BuildLiteBehavior [ RunTime:0.000034s ]
INFO: [ app_init ] --END-- [ RunTime:0.001275s ]
ERR: 无法加载模块:Scripts

[ 2016-09-30T17:14:47+08:00 ] 127.0.0.1 /Scripts/main.js
INFO: [ app_init ] --START--
INFO: Run Behavior\BuildLiteBehavior [ RunTime:0.000029s ]
INFO: [ app_init ] --END-- [ RunTime:0.000549s ]
ERR: 无法加载模块:Scripts

[ 2016-09-30T17:14:47+08:00 ] 127.0.0.1 /Scripts/jquery.min.js
INFO: [ app_init ] --START--
INFO: Run Behavior\BuildLiteBehavior [ RunTime:0.000026s ]
INFO: [ app_init ] --END-- [ RunTime:0.000464s ]
ERR: 无法加载模块:Scripts

[ 2016-09-30T17:14:47+08:00 ] 127.0.0.1 /Scripts/main.js
INFO: [ app_init ] --START--
INFO: Run Behavior\BuildLiteBehavior [ RunTime:0.000026s ]
INFO: [ app_init ] --END-- [ RunTime:0.000445s ]
ERR: 无法加载模块:Scripts

[ 2016-09-30T17:14:47+08:00 ] 127.0.0.1 /Scripts/highlight.pack.js
INFO: [ app_init ] --START--
INFO: Run Behavior\BuildLiteBehavior [ RunTime:0.000029s ]
INFO: [ app_init ] --END-- [ RunTime:0.000470s ]
ERR: 无法加载模块:Scripts

[ 2016-09-30T17:19:34+08:00 ] 127.0.0.1 /Scripts/jquery.min.js
INFO: [ app_init ] --START--
INFO: Run Behavior\BuildLiteBehavior [ RunTime:0.000027s ]
INFO: [ app_init ] --END-- [ RunTime:0.000484s ]
ERR: 无法加载模块:Scripts

[ 2016-09-30T17:19:34+08:00 ] 127.0.0.1 /Scripts/main.js
INFO: [ app_init ] --START--
INFO: Run Behavior\BuildLiteBehavior [ RunTime:0.000028s ]
INFO: [ app_init ] --END-- [ RunTime:0.000472s ]
ERR: 无法加载模块:Scripts

[ 2016-09-30T17:19:34+08:00 ] 127.0.0.1 /Picture/wechatimg6.jpeg
INFO: [ app_init ] --START--
INFO: Run Behavior\BuildLiteBehavior [ RunTime:0.000027s ]
INFO: [ app_init ] --END-- [ RunTime:0.000505s ]
ERR: 无法加载模块:Picture

[ 2016-09-30T17:19:34+08:00 ] 127.0.0.1 /Scripts/highlight.pack.js
INFO: [ app_init ] --START--
INFO: Run Behavior\BuildLiteBehavior [ RunTime:0.000029s ]
INFO: [ app_init ] --END-- [ RunTime:0.000503s ]
ERR: 无法加载模块:Scripts

[ 2016-09-30T17:19:34+08:00 ] 127.0.0.1 /Picture/wechatimg6.jpeg
INFO: [ app_init ] --START--
INFO: Run Behavior\BuildLiteBehavior [ RunTime:0.000028s ]
INFO: [ app_init ] --END-- [ RunTime:0.000450s ]
ERR: 无法加载模块:Picture

[ 2016-09-30T17:19:35+08:00 ] 127.0.0.1 /Scripts/main.js
INFO: [ app_init ] --START--
INFO: Run Behavior\BuildLiteBehavior [ RunTime:0.000029s ]
INFO: [ app_init ] --END-- [ RunTime:0.000504s ]
ERR: 无法加载模块:Scripts

[ 2016-09-30T17:19:35+08:00 ] 127.0.0.1 /Scripts/jquery.min.js
INFO: [ app_init ] --START--
INFO: Run Behavior\BuildLiteBehavior [ RunTime:0.000027s ]
INFO: [ app_init ] --END-- [ RunTime:0.000496s ]
ERR: 无法加载模块:Scripts

[ 2016-09-30T17:19:35+08:00 ] 127.0.0.1 /Picture/wechatimg6.jpeg
INFO: [ app_init ] --START--
INFO: Run Behavior\BuildLiteBehavior [ RunTime:0.000083s ]
INFO: [ app_init ] --END-- [ RunTime:0.000568s ]
ERR: 无法加载模块:Picture

[ 2016-09-30T17:19:35+08:00 ] 127.0.0.1 /Scripts/highlight.pack.js
INFO: [ app_init ] --START--
INFO: Run Behavior\BuildLiteBehavior [ RunTime:0.000028s ]
INFO: [ app_init ] --END-- [ RunTime:0.000556s ]
ERR: 无法加载模块:Scripts

[ 2016-09-30T17:19:37+08:00 ] 127.0.0.1 /Scripts/jquery.min.js
INFO: [ app_init ] --START--
INFO: Run Behavior\BuildLiteBehavior [ RunTime:0.000027s ]
INFO: [ app_init ] --END-- [ RunTime:0.000428s ]
ERR: 无法加载模块:Scripts

[ 2016-09-30T17:19:37+08:00 ] 127.0.0.1 /Scripts/main.js
INFO: [ app_init ] --START--
INFO: Run Behavior\BuildLiteBehavior [ RunTime:0.000025s ]
INFO: [ app_init ] --END-- [ RunTime:0.000468s ]
ERR: 无法加载模块:Scripts

[ 2016-09-30T17:19:37+08:00 ] 127.0.0.1 /Scripts/highlight.pack.js
INFO: [ app_init ] --START--
INFO: Run Behavior\BuildLiteBehavior [ RunTime:0.000045s ]
INFO: [ app_init ] --END-- [ RunTime:0.000771s ]
ERR: 无法加载模块:Scripts

[ 2016-09-30T17:19:40+08:00 ] 127.0.0.1 /Scripts/jquery.min.js
INFO: [ app_init ] --START--
INFO: Run Behavior\BuildLiteBehavior [ RunTime:0.000030s ]
INFO: [ app_init ] --END-- [ RunTime:0.000522s ]
ERR: 无法加载模块:Scripts

[ 2016-09-30T17:19:40+08:00 ] 127.0.0.1 /Scripts/main.js
INFO: [ app_init ] --START--
INFO: Run Behavior\BuildLiteBehavior [ RunTime:0.000029s ]
INFO: [ app_init ] --END-- [ RunTime:0.000808s ]
ERR: 无法加载模块:Scripts

[ 2016-09-30T17:19:40+08:00 ] 127.0.0.1 /Scripts/highlight.pack.js
INFO: [ app_init ] --START--
INFO: Run Behavior\BuildLiteBehavior [ RunTime:0.000029s ]
INFO: [ app_init ] --END-- [ RunTime:0.000434s ]
ERR: 无法加载模块:Scripts

[ 2016-09-30T17:21:51+08:00 ] 127.0.0.1 /view/Admin/Public/Css/base.css
INFO: [ app_init ] --START--
INFO: Run Behavior\BuildLiteBehavior [ RunTime:0.000029s ]
INFO: [ app_init ] --END-- [ RunTime:0.000743s ]
ERR: 无法加载模块:View

