[ 2016-09-27T11:26:37+08:00 ] 127.0.0.1 /favicon.ico
INFO: [ app_init ] --START--
INFO: Run Behavior\BuildLiteBehavior [ RunTime:0.000028s ]
INFO: [ app_init ] --END-- [ RunTime:0.000473s ]
ERR: 无法加载模块:Favicon

[ 2016-09-27T11:26:45+08:00 ] 127.0.0.1 /view/Admin/Public/Css/base.css
INFO: [ app_init ] --START--
INFO: Run Behavior\BuildLiteBehavior [ RunTime:0.000028s ]
INFO: [ app_init ] --END-- [ RunTime:0.000628s ]
ERR: 无法加载模块:View

[ 2016-09-27T11:26:49+08:00 ] 127.0.0.1 /view/Admin/Public/Css/base.css
INFO: [ app_init ] --START--
INFO: Run Behavior\BuildLiteBehavior [ RunTime:0.000026s ]
INFO: [ app_init ] --END-- [ RunTime:0.000421s ]
ERR: 无法加载模块:View

[ 2016-09-27T11:27:30+08:00 ] 127.0.0.1 /view/Admin/Public/Css/base.css
INFO: [ app_init ] --START--
INFO: Run Behavior\BuildLiteBehavior [ RunTime:0.000035s ]
INFO: [ app_init ] --END-- [ RunTime:0.000565s ]
ERR: 无法加载模块:View

[ 2016-09-27T11:29:00+08:00 ] 127.0.0.1 /view/Admin/Public/Css/base.css
INFO: [ app_init ] --START--
INFO: Run Behavior\BuildLiteBehavior [ RunTime:0.000032s ]
INFO: [ app_init ] --END-- [ RunTime:0.000811s ]
ERR: 无法加载模块:View

[ 2016-09-27T11:29:05+08:00 ] 127.0.0.1 /view/Admin/Public/Css/base.css
INFO: [ app_init ] --START--
INFO: Run Behavior\BuildLiteBehavior [ RunTime:0.000031s ]
INFO: [ app_init ] --END-- [ RunTime:0.000848s ]
ERR: 无法加载模块:View

[ 2016-09-27T11:31:26+08:00 ] 127.0.0.1 /view/Admin/Public/Css/base.css
INFO: [ app_init ] --START--
INFO: Run Behavior\BuildLiteBehavior [ RunTime:0.000030s ]
INFO: [ app_init ] --END-- [ RunTime:0.001667s ]
ERR: 无法加载模块:View

[ 2016-09-27T11:32:34+08:00 ] 127.0.0.1 /view/Admin/Public/Css/base.css
INFO: [ app_init ] --START--
INFO: Run Behavior\BuildLiteBehavior [ RunTime:0.000036s ]
INFO: [ app_init ] --END-- [ RunTime:0.000684s ]
ERR: 无法加载模块:View

[ 2016-09-27T11:33:48+08:00 ] 127.0.0.1 /view/Admin/Public/Css/base.css
INFO: [ app_init ] --START--
INFO: Run Behavior\BuildLiteBehavior [ RunTime:0.000031s ]
INFO: [ app_init ] --END-- [ RunTime:0.000621s ]
ERR: 无法加载模块:View

[ 2016-09-27T11:37:36+08:00 ] 127.0.0.1 /view/Admin/Public/Css/base.css
INFO: [ app_init ] --START--
INFO: Run Behavior\BuildLiteBehavior [ RunTime:0.000030s ]
INFO: [ app_init ] --END-- [ RunTime:0.000724s ]
ERR: 无法加载模块:View

[ 2016-09-27T11:39:36+08:00 ] 127.0.0.1 /view/Admin/Public/Css/base.css
INFO: [ app_init ] --START--
INFO: Run Behavior\BuildLiteBehavior [ RunTime:0.000030s ]
INFO: [ app_init ] --END-- [ RunTime:0.000577s ]
ERR: 无法加载模块:View

[ 2016-09-27T11:41:44+08:00 ] 127.0.0.1 /view/Admin/Public/Css/base.css
INFO: [ app_init ] --START--
INFO: Run Behavior\BuildLiteBehavior [ RunTime:0.000025s ]
INFO: [ app_init ] --END-- [ RunTime:0.000497s ]
ERR: 无法加载模块:View

[ 2016-09-27T11:46:59+08:00 ] 127.0.0.1 /view/Admin/Public/Css/base.css
INFO: [ app_init ] --START--
INFO: Run Behavior\BuildLiteBehavior [ RunTime:0.000033s ]
INFO: [ app_init ] --END-- [ RunTime:0.000916s ]
ERR: 无法加载模块:View

[ 2016-09-27T11:48:54+08:00 ] 127.0.0.1 /view/Admin/Public/Css/base.css
INFO: [ app_init ] --START--
INFO: Run Behavior\BuildLiteBehavior [ RunTime:0.000034s ]
INFO: [ app_init ] --END-- [ RunTime:0.000956s ]
ERR: 无法加载模块:View

[ 2016-09-27T12:00:51+08:00 ] 127.0.0.1 /view/Admin/Public/Css/base.css
INFO: [ app_init ] --START--
INFO: Run Behavior\BuildLiteBehavior [ RunTime:0.000033s ]
INFO: [ app_init ] --END-- [ RunTime:0.000579s ]
ERR: 无法加载模块:View

[ 2016-09-27T15:13:42+08:00 ] 127.0.0.1 /view/Admin/Public/Css/base.css
INFO: [ app_init ] --START--
INFO: Run Behavior\BuildLiteBehavior [ RunTime:0.000029s ]
INFO: [ app_init ] --END-- [ RunTime:0.000498s ]
ERR: 无法加载模块:View

[ 2016-09-27T15:15:06+08:00 ] 127.0.0.1 /view/Admin/Public/Css/base.css
INFO: [ app_init ] --START--
INFO: Run Behavior\BuildLiteBehavior [ RunTime:0.000027s ]
INFO: [ app_init ] --END-- [ RunTime:0.000494s ]
ERR: 无法加载模块:View

[ 2016-09-27T15:16:23+08:00 ] 127.0.0.1 /view/Admin/Public/Css/base.css
INFO: [ app_init ] --START--
INFO: Run Behavior\BuildLiteBehavior [ RunTime:0.000027s ]
INFO: [ app_init ] --END-- [ RunTime:0.000414s ]
ERR: 无法加载模块:View

[ 2016-09-27T15:16:27+08:00 ] 127.0.0.1 /view/Admin/Public/Css/base.css
INFO: [ app_init ] --START--
INFO: Run Behavior\BuildLiteBehavior [ RunTime:0.000026s ]
INFO: [ app_init ] --END-- [ RunTime:0.000519s ]
ERR: 无法加载模块:View

[ 2016-09-27T15:17:39+08:00 ] 127.0.0.1 /view/Admin/Public/Css/base.css
INFO: [ app_init ] --START--
INFO: Run Behavior\BuildLiteBehavior [ RunTime:0.000049s ]
INFO: [ app_init ] --END-- [ RunTime:0.000585s ]
ERR: 无法加载模块:View

[ 2016-09-27T15:17:53+08:00 ] 127.0.0.1 /view/Admin/Public/Css/base.css
INFO: [ app_init ] --START--
INFO: Run Behavior\BuildLiteBehavior [ RunTime:0.000031s ]
INFO: [ app_init ] --END-- [ RunTime:0.000681s ]
ERR: 无法加载模块:View

[ 2016-09-27T15:18:00+08:00 ] 127.0.0.1 /view/Admin/Public/Css/base.css
INFO: [ app_init ] --START--
INFO: Run Behavior\BuildLiteBehavior [ RunTime:0.000031s ]
INFO: [ app_init ] --END-- [ RunTime:0.000740s ]
ERR: 无法加载模块:View

[ 2016-09-27T15:20:15+08:00 ] 127.0.0.1 /view/Admin/Public/Css/base.css
INFO: [ app_init ] --START--
INFO: Run Behavior\BuildLiteBehavior [ RunTime:0.000030s ]
INFO: [ app_init ] --END-- [ RunTime:0.000520s ]
ERR: 无法加载模块:View

[ 2016-09-27T15:20:17+08:00 ] 127.0.0.1 /view/Admin/Public/Css/base.css
INFO: [ app_init ] --START--
INFO: Run Behavior\BuildLiteBehavior [ RunTime:0.000028s ]
INFO: [ app_init ] --END-- [ RunTime:0.000462s ]
ERR: 无法加载模块:View

[ 2016-09-27T15:22:02+08:00 ] 127.0.0.1 /view/Admin/Public/Css/base.css
INFO: [ app_init ] --START--
INFO: Run Behavior\BuildLiteBehavior [ RunTime:0.000030s ]
INFO: [ app_init ] --END-- [ RunTime:0.000542s ]
ERR: 无法加载模块:View

[ 2016-09-27T15:22:05+08:00 ] 127.0.0.1 /view/Admin/Public/Css/base.css
INFO: [ app_init ] --START--
INFO: Run Behavior\BuildLiteBehavior [ RunTime:0.000028s ]
INFO: [ app_init ] --END-- [ RunTime:0.000511s ]
ERR: 无法加载模块:View

[ 2016-09-27T15:22:12+08:00 ] 127.0.0.1 /view/Admin/Public/Css/base.css
INFO: [ app_init ] --START--
INFO: Run Behavior\BuildLiteBehavior [ RunTime:0.000029s ]
INFO: [ app_init ] --END-- [ RunTime:0.000444s ]
ERR: 无法加载模块:View

[ 2016-09-27T15:32:05+08:00 ] 127.0.0.1 /view/Admin/Public/Css/base.css
INFO: [ app_init ] --START--
INFO: Run Behavior\BuildLiteBehavior [ RunTime:0.000029s ]
INFO: [ app_init ] --END-- [ RunTime:0.000592s ]
ERR: 无法加载模块:View

[ 2016-09-27T15:32:06+08:00 ] 127.0.0.1 /view/Admin/Public/Css/base.css
INFO: [ app_init ] --START--
INFO: Run Behavior\BuildLiteBehavior [ RunTime:0.000029s ]
INFO: [ app_init ] --END-- [ RunTime:0.000665s ]
ERR: 无法加载模块:View

[ 2016-09-27T15:32:07+08:00 ] 127.0.0.1 /view/Admin/Public/Css/base.css
INFO: [ app_init ] --START--
INFO: Run Behavior\BuildLiteBehavior [ RunTime:0.000027s ]
INFO: [ app_init ] --END-- [ RunTime:0.000662s ]
ERR: 无法加载模块:View

[ 2016-09-27T15:32:08+08:00 ] 127.0.0.1 /view/Admin/Public/Css/base.css
INFO: [ app_init ] --START--
INFO: Run Behavior\BuildLiteBehavior [ RunTime:0.000027s ]
INFO: [ app_init ] --END-- [ RunTime:0.000553s ]
ERR: 无法加载模块:View

[ 2016-09-27T15:33:23+08:00 ] 127.0.0.1 /view/Admin/Public/Css/base.css
INFO: [ app_init ] --START--
INFO: Run Behavior\BuildLiteBehavior [ RunTime:0.000030s ]
INFO: [ app_init ] --END-- [ RunTime:0.000579s ]
ERR: 无法加载模块:View

[ 2016-09-27T15:36:27+08:00 ] 127.0.0.1 /view/Admin/Public/Css/base.css
INFO: [ app_init ] --START--
INFO: Run Behavior\BuildLiteBehavior [ RunTime:0.000031s ]
INFO: [ app_init ] --END-- [ RunTime:0.000700s ]
ERR: 无法加载模块:View

[ 2016-09-27T15:45:39+08:00 ] 127.0.0.1 /view/Admin/Public/Css/base.css
INFO: [ app_init ] --START--
INFO: Run Behavior\BuildLiteBehavior [ RunTime:0.000028s ]
INFO: [ app_init ] --END-- [ RunTime:0.000537s ]
ERR: 无法加载模块:View

[ 2016-09-27T15:47:33+08:00 ] 127.0.0.1 /view/Admin/Public/Css/base.css
INFO: [ app_init ] --START--
INFO: Run Behavior\BuildLiteBehavior [ RunTime:0.000043s ]
INFO: [ app_init ] --END-- [ RunTime:0.000542s ]
ERR: 无法加载模块:View

[ 2016-09-27T15:47:54+08:00 ] 127.0.0.1 /view/Admin/Public/Css/base.css
INFO: [ app_init ] --START--
INFO: Run Behavior\BuildLiteBehavior [ RunTime:0.000025s ]
INFO: [ app_init ] --END-- [ RunTime:0.000426s ]
ERR: 无法加载模块:View

[ 2016-09-27T15:48:53+08:00 ] 127.0.0.1 /view/Admin/Public/Css/base.css
INFO: [ app_init ] --START--
INFO: Run Behavior\BuildLiteBehavior [ RunTime:0.000032s ]
INFO: [ app_init ] --END-- [ RunTime:0.000703s ]
ERR: 无法加载模块:View

[ 2016-09-27T15:59:53+08:00 ] 127.0.0.1 /view/Admin/Public/Css/base.css
INFO: [ app_init ] --START--
INFO: Run Behavior\BuildLiteBehavior [ RunTime:0.000030s ]
INFO: [ app_init ] --END-- [ RunTime:0.000498s ]
ERR: 无法加载模块:View

[ 2016-09-27T16:01:09+08:00 ] 127.0.0.1 /view/Admin/Public/Css/base.css
INFO: [ app_init ] --START--
INFO: Run Behavior\BuildLiteBehavior [ RunTime:0.000027s ]
INFO: [ app_init ] --END-- [ RunTime:0.000472s ]
ERR: 无法加载模块:View

[ 2016-09-27T16:02:50+08:00 ] 127.0.0.1 /view/Admin/Public/Css/base.css
INFO: [ app_init ] --START--
INFO: Run Behavior\BuildLiteBehavior [ RunTime:0.000032s ]
INFO: [ app_init ] --END-- [ RunTime:0.000601s ]
ERR: 无法加载模块:View

[ 2016-09-27T16:03:17+08:00 ] 127.0.0.1 /view/Admin/Public/Css/base.css
INFO: [ app_init ] --START--
INFO: Run Behavior\BuildLiteBehavior [ RunTime:0.000031s ]
INFO: [ app_init ] --END-- [ RunTime:0.000547s ]
ERR: 无法加载模块:View

[ 2016-09-27T16:13:28+08:00 ] 127.0.0.1 /view/Admin/Public/Css/base.css
INFO: [ app_init ] --START--
INFO: Run Behavior\BuildLiteBehavior [ RunTime:0.000033s ]
INFO: [ app_init ] --END-- [ RunTime:0.000563s ]
ERR: 无法加载模块:View

[ 2016-09-27T16:27:01+08:00 ] 127.0.0.1 /view/Admin/Public/Css/base.css
INFO: [ app_init ] --START--
INFO: Run Behavior\BuildLiteBehavior [ RunTime:0.000033s ]
INFO: [ app_init ] --END-- [ RunTime:0.002064s ]
ERR: 无法加载模块:View

[ 2016-09-27T16:28:20+08:00 ] 127.0.0.1 /view/Admin/Public/Css/base.css
INFO: [ app_init ] --START--
INFO: Run Behavior\BuildLiteBehavior [ RunTime:0.000028s ]
INFO: [ app_init ] --END-- [ RunTime:0.000471s ]
ERR: 无法加载模块:View

[ 2016-09-27T16:28:55+08:00 ] 127.0.0.1 /view/Admin/Public/Css/base.css
INFO: [ app_init ] --START--
INFO: Run Behavior\BuildLiteBehavior [ RunTime:0.000028s ]
INFO: [ app_init ] --END-- [ RunTime:0.000674s ]
ERR: 无法加载模块:View

[ 2016-09-27T16:30:55+08:00 ] 127.0.0.1 /view/Admin/Public/Css/base.css
INFO: [ app_init ] --START--
INFO: Run Behavior\BuildLiteBehavior [ RunTime:0.000029s ]
INFO: [ app_init ] --END-- [ RunTime:0.000551s ]
ERR: 无法加载模块:View

[ 2016-09-27T16:31:09+08:00 ] 127.0.0.1 /view/Admin/Public/Css/base.css
INFO: [ app_init ] --START--
INFO: Run Behavior\BuildLiteBehavior [ RunTime:0.000026s ]
INFO: [ app_init ] --END-- [ RunTime:0.000489s ]
ERR: 无法加载模块:View

[ 2016-09-27T16:31:33+08:00 ] 127.0.0.1 /view/Admin/Public/Css/base.css
INFO: [ app_init ] --START--
INFO: Run Behavior\BuildLiteBehavior [ RunTime:0.000029s ]
INFO: [ app_init ] --END-- [ RunTime:0.000595s ]
ERR: 无法加载模块:View

[ 2016-09-27T16:31:37+08:00 ] 127.0.0.1 /view/Admin/Public/Css/base.css
INFO: [ app_init ] --START--
INFO: Run Behavior\BuildLiteBehavior [ RunTime:0.000027s ]
INFO: [ app_init ] --END-- [ RunTime:0.000523s ]
ERR: 无法加载模块:View

[ 2016-09-27T16:43:32+08:00 ] 127.0.0.1 /view/Admin/Public/Css/base.css
INFO: [ app_init ] --START--
INFO: Run Behavior\BuildLiteBehavior [ RunTime:0.000027s ]
INFO: [ app_init ] --END-- [ RunTime:0.000498s ]
ERR: 无法加载模块:View

[ 2016-09-27T16:43:39+08:00 ] 127.0.0.1 /view/Admin/Public/Css/base.css
INFO: [ app_init ] --START--
INFO: Run Behavior\BuildLiteBehavior [ RunTime:0.000034s ]
INFO: [ app_init ] --END-- [ RunTime:0.000604s ]
ERR: 无法加载模块:View

[ 2016-09-27T16:43:42+08:00 ] 127.0.0.1 /view/Admin/Public/Css/base.css
INFO: [ app_init ] --START--
INFO: Run Behavior\BuildLiteBehavior [ RunTime:0.000026s ]
INFO: [ app_init ] --END-- [ RunTime:0.000485s ]
ERR: 无法加载模块:View

