[ 2016-09-22T11:57:13+08:00 ] 127.0.0.1 /index.php/Admin/Login/login
INFO: [ app_init ] --START--
INFO: Run Behavior\BuildLiteBehavior [ RunTime:0.000031s ]
INFO: [ app_init ] --END-- [ RunTime:0.001754s ]
INFO: [ app_begin ] --START--
INFO: Run Behavior\ReadHtmlCacheBehavior [ RunTime:0.000810s ]
INFO: [ app_begin ] --END-- [ RunTime:0.000937s ]

[ 2016-09-22T11:57:15+08:00 ] 127.0.0.1 /index.php/Admin/Index/index.html
INFO: [ app_init ] --START--
INFO: Run Behavior\BuildLiteBehavior [ RunTime:0.000027s ]
INFO: [ app_init ] --END-- [ RunTime:0.000468s ]
INFO: [ app_begin ] --START--
INFO: Run Behavior\ReadHtmlCacheBehavior [ RunTime:0.000820s ]
INFO: [ app_begin ] --END-- [ RunTime:0.000936s ]
SQL: SHOW COLUMNS FROM `dong_auth_group_access` [ RunTime:0.2823s ]
SQL: SELECT `uid`,`group_id`,`title`,`rules` FROM dong_auth_group_access a INNER JOIN dong_auth_group g on a.group_id=g.id  WHERE ( a.uid='1' and g.status='1' )  [ RunTime:0.1617s ]
SQL: SHOW COLUMNS FROM `dong_auth_rule` [ RunTime:0.0984s ]
SQL: SELECT `condition`,`name` FROM `dong_auth_rule` WHERE `id` IN ('1','2','3','4','5','6','7','8','9','10','11','12','13','14','15','19','20','21','23') AND `type` = 1 AND `status` = 1  [ RunTime:0.0438s ]
SQL: SHOW COLUMNS FROM `dong_auth_rule` [ RunTime:0.0077s ]
SQL: SELECT * FROM `dong_auth_rule` WHERE ( menu=0 ) ORDER BY id DESC  [ RunTime:0.0010s ]
INFO: [ view_parse ] --START--
INFO: [ template_filter ] --START--
INFO: Run Behavior\ContentReplaceBehavior [ RunTime:0.000243s ]
INFO: [ template_filter ] --END-- [ RunTime:0.000360s ]
INFO: Run Behavior\ParseTemplateBehavior [ RunTime:0.123812s ]
INFO: [ view_parse ] --END-- [ RunTime:0.123956s ]
INFO: [ view_filter ] --START--
INFO: Run Behavior\WriteHtmlCacheBehavior [ RunTime:0.000703s ]
INFO: [ view_filter ] --END-- [ RunTime:0.000803s ]
INFO: [ app_end ] --START--
INFO: Run Behavior\ShowPageTraceBehavior [ RunTime:0.000971s ]
INFO: [ app_end ] --END-- [ RunTime:0.001089s ]

[ 2016-09-22T11:57:19+08:00 ] 127.0.0.1 /index.php/Admin/User/userInfo.html
INFO: [ app_init ] --START--
INFO: Run Behavior\BuildLiteBehavior [ RunTime:0.000052s ]
INFO: [ app_init ] --END-- [ RunTime:0.000869s ]
INFO: [ app_begin ] --START--
INFO: Run Behavior\ReadHtmlCacheBehavior [ RunTime:0.000931s ]
INFO: [ app_begin ] --END-- [ RunTime:0.001060s ]
SQL: SHOW COLUMNS FROM `dong_auth_group_access` [ RunTime:0.0088s ]
SQL: SELECT `uid`,`group_id`,`title`,`rules` FROM dong_auth_group_access a INNER JOIN dong_auth_group g on a.group_id=g.id  WHERE ( a.uid='1' and g.status='1' )  [ RunTime:0.0006s ]
SQL: SHOW COLUMNS FROM `dong_auth_rule` [ RunTime:0.0053s ]
SQL: SELECT `condition`,`name` FROM `dong_auth_rule` WHERE `id` IN ('1','2','3','4','5','6','7','8','9','10','11','12','13','14','15','19','20','21','23') AND `type` = 1 AND `status` = 1  [ RunTime:0.0005s ]
SQL: SHOW COLUMNS FROM `dong_auth_rule` [ RunTime:0.0040s ]
SQL: SELECT * FROM `dong_auth_rule` WHERE ( menu=0 ) ORDER BY id DESC  [ RunTime:0.0010s ]
NOTIC: [2048] Declaration of Admin\Model\AdminModel::_before_delete() should be compatible with Think\Model::_before_delete($options) E:\wamp\www\Blog\Blog\Admin\Model\AdminModel.class.php 第 121 行.
SQL: SELECT * FROM `dong_admin` WHERE ( status=0 )  [ RunTime:0.0933s ]
INFO: [ view_parse ] --START--
INFO: [ template_filter ] --START--
INFO: Run Behavior\ContentReplaceBehavior [ RunTime:0.000193s ]
INFO: [ template_filter ] --END-- [ RunTime:0.000300s ]
INFO: Run Behavior\ParseTemplateBehavior [ RunTime:0.076008s ]
INFO: [ view_parse ] --END-- [ RunTime:0.076142s ]
INFO: [ view_filter ] --START--
INFO: Run Behavior\WriteHtmlCacheBehavior [ RunTime:0.000569s ]
INFO: [ view_filter ] --END-- [ RunTime:0.000656s ]
INFO: [ app_end ] --START--
INFO: Run Behavior\ShowPageTraceBehavior [ RunTime:0.000766s ]
INFO: [ app_end ] --END-- [ RunTime:0.000855s ]

[ 2016-09-22T12:12:59+08:00 ] 127.0.0.1 /index.php/Admin/User/delete.html
INFO: [ app_init ] --START--
INFO: Run Behavior\BuildLiteBehavior [ RunTime:0.000032s ]
INFO: [ app_init ] --END-- [ RunTime:0.001429s ]
INFO: [ app_begin ] --START--
INFO: Run Behavior\ReadHtmlCacheBehavior [ RunTime:0.001299s ]
INFO: [ app_begin ] --END-- [ RunTime:0.001422s ]
SQL: SHOW COLUMNS FROM `dong_auth_group_access` [ RunTime:0.0389s ]
SQL: SELECT `uid`,`group_id`,`title`,`rules` FROM dong_auth_group_access a INNER JOIN dong_auth_group g on a.group_id=g.id  WHERE ( a.uid='1' and g.status='1' )  [ RunTime:0.0026s ]
SQL: SHOW COLUMNS FROM `dong_auth_rule` [ RunTime:0.0147s ]
SQL: SELECT `condition`,`name` FROM `dong_auth_rule` WHERE `id` IN ('1','2','3','4','5','6','7','8','9','10','11','12','13','14','15','19','20','21','23') AND `type` = 1 AND `status` = 1  [ RunTime:0.0011s ]
SQL: SHOW COLUMNS FROM `dong_auth_rule` [ RunTime:0.0156s ]
SQL: SELECT * FROM `dong_auth_rule` WHERE ( menu=0 ) ORDER BY id DESC  [ RunTime:0.0008s ]
NOTIC: [2048] Declaration of Admin\Model\AdminModel::_before_delete() should be compatible with Think\Model::_before_delete($options) E:\wamp\www\Blog\Blog\Admin\Model\AdminModel.class.php 第 121 行.

[ 2016-09-22T12:13:05+08:00 ] 127.0.0.1 /index.php/Admin/User/delete.html
INFO: [ app_init ] --START--
INFO: Run Behavior\BuildLiteBehavior [ RunTime:0.000031s ]
INFO: [ app_init ] --END-- [ RunTime:0.001583s ]
INFO: [ app_begin ] --START--
INFO: Run Behavior\ReadHtmlCacheBehavior [ RunTime:0.000870s ]
INFO: [ app_begin ] --END-- [ RunTime:0.000982s ]
SQL: SHOW COLUMNS FROM `dong_auth_group_access` [ RunTime:0.0177s ]
SQL: SELECT `uid`,`group_id`,`title`,`rules` FROM dong_auth_group_access a INNER JOIN dong_auth_group g on a.group_id=g.id  WHERE ( a.uid='1' and g.status='1' )  [ RunTime:0.0006s ]
SQL: SHOW COLUMNS FROM `dong_auth_rule` [ RunTime:0.0050s ]
SQL: SELECT `condition`,`name` FROM `dong_auth_rule` WHERE `id` IN ('1','2','3','4','5','6','7','8','9','10','11','12','13','14','15','19','20','21','23') AND `type` = 1 AND `status` = 1  [ RunTime:0.0005s ]
SQL: SHOW COLUMNS FROM `dong_auth_rule` [ RunTime:0.0189s ]
SQL: SELECT * FROM `dong_auth_rule` WHERE ( menu=0 ) ORDER BY id DESC  [ RunTime:0.0010s ]
NOTIC: [2048] Declaration of Admin\Model\AdminModel::_before_delete() should be compatible with Think\Model::_before_delete($options) E:\wamp\www\Blog\Blog\Admin\Model\AdminModel.class.php 第 121 行.

[ 2016-09-22T12:13:12+08:00 ] 127.0.0.1 /index.php/Admin/User/update.html?id=1
INFO: [ app_init ] --START--
INFO: Run Behavior\BuildLiteBehavior [ RunTime:0.000029s ]
INFO: [ app_init ] --END-- [ RunTime:0.000527s ]
INFO: [ app_begin ] --START--
INFO: Run Behavior\ReadHtmlCacheBehavior [ RunTime:0.001471s ]
INFO: [ app_begin ] --END-- [ RunTime:0.001600s ]
SQL: SHOW COLUMNS FROM `dong_auth_group_access` [ RunTime:0.0059s ]
SQL: SELECT `uid`,`group_id`,`title`,`rules` FROM dong_auth_group_access a INNER JOIN dong_auth_group g on a.group_id=g.id  WHERE ( a.uid='1' and g.status='1' )  [ RunTime:0.0006s ]
SQL: SHOW COLUMNS FROM `dong_auth_rule` [ RunTime:0.0057s ]
SQL: SELECT `condition`,`name` FROM `dong_auth_rule` WHERE `id` IN ('1','2','3','4','5','6','7','8','9','10','11','12','13','14','15','19','20','21','23') AND `type` = 1 AND `status` = 1  [ RunTime:0.0013s ]
SQL: SHOW COLUMNS FROM `dong_auth_rule` [ RunTime:0.0053s ]
SQL: SELECT * FROM `dong_auth_rule` WHERE ( menu=0 ) ORDER BY id DESC  [ RunTime:0.0005s ]
SQL: SHOW COLUMNS FROM `dong_admin` [ RunTime:0.0086s ]
SQL: SELECT * FROM `dong_admin` WHERE ( id=1 )  [ RunTime:0.0197s ]
INFO: [ view_parse ] --START--
INFO: [ template_filter ] --START--
INFO: Run Behavior\ContentReplaceBehavior [ RunTime:0.000183s ]
INFO: [ template_filter ] --END-- [ RunTime:0.000317s ]
INFO: Run Behavior\ParseTemplateBehavior [ RunTime:0.045930s ]
INFO: [ view_parse ] --END-- [ RunTime:0.046084s ]
INFO: [ view_filter ] --START--
INFO: Run Behavior\WriteHtmlCacheBehavior [ RunTime:0.009650s ]
INFO: [ view_filter ] --END-- [ RunTime:0.009763s ]
INFO: [ app_end ] --START--
INFO: Run Behavior\ShowPageTraceBehavior [ RunTime:0.001247s ]
INFO: [ app_end ] --END-- [ RunTime:0.001362s ]

[ 2016-09-22T14:03:45+08:00 ] 127.0.0.1 /index.php/Admin/News/add.html
INFO: [ app_init ] --START--
INFO: Run Behavior\BuildLiteBehavior [ RunTime:0.000033s ]
INFO: [ app_init ] --END-- [ RunTime:0.018189s ]
INFO: [ app_begin ] --START--
INFO: Run Behavior\ReadHtmlCacheBehavior [ RunTime:0.020375s ]
INFO: [ app_begin ] --END-- [ RunTime:0.020618s ]
SQL: SHOW COLUMNS FROM `dong_auth_group_access` [ RunTime:0.1174s ]
SQL: SELECT `uid`,`group_id`,`title`,`rules` FROM dong_auth_group_access a INNER JOIN dong_auth_group g on a.group_id=g.id  WHERE ( a.uid='1' and g.status='1' )  [ RunTime:0.1014s ]
SQL: SHOW COLUMNS FROM `dong_auth_rule` [ RunTime:0.0086s ]
SQL: SELECT `condition`,`name` FROM `dong_auth_rule` WHERE `id` IN ('1','2','3','4','5','6','7','8','9','10','11','12','13','14','15','19','20','21','23') AND `type` = 1 AND `status` = 1  [ RunTime:0.0358s ]
SQL: SHOW COLUMNS FROM `dong_auth_rule` [ RunTime:0.0070s ]
SQL: SELECT * FROM `dong_auth_rule` WHERE ( menu=0 ) ORDER BY id DESC  [ RunTime:0.0158s ]
SQL: SHOW COLUMNS FROM `dong_newscreate` [ RunTime:0.1750s ]
SQL: SELECT * FROM `dong_newscreate`  [ RunTime:0.0412s ]
INFO: [ view_parse ] --START--
INFO: [ template_filter ] --START--
INFO: Run Behavior\ContentReplaceBehavior [ RunTime:0.008196s ]
INFO: [ template_filter ] --END-- [ RunTime:0.008361s ]
INFO: Run Behavior\ParseTemplateBehavior [ RunTime:0.230106s ]
INFO: [ view_parse ] --END-- [ RunTime:0.230252s ]
INFO: [ view_filter ] --START--
INFO: Run Behavior\WriteHtmlCacheBehavior [ RunTime:0.034294s ]
INFO: [ view_filter ] --END-- [ RunTime:0.034400s ]
INFO: [ app_end ] --START--
INFO: Run Behavior\ShowPageTraceBehavior [ RunTime:0.008262s ]
INFO: [ app_end ] --END-- [ RunTime:0.008384s ]

[ 2016-09-22T15:25:09+08:00 ] 127.0.0.1 /index.php/Admin/News/add.html
INFO: [ app_init ] --START--
INFO: Run Behavior\BuildLiteBehavior [ RunTime:0.000027s ]
INFO: [ app_init ] --END-- [ RunTime:0.151908s ]
INFO: [ app_begin ] --START--
INFO: Run Behavior\ReadHtmlCacheBehavior [ RunTime:0.172799s ]
INFO: [ app_begin ] --END-- [ RunTime:0.172952s ]
SQL: SHOW COLUMNS FROM `dong_auth_group_access` [ RunTime:0.5841s ]
SQL: SELECT `uid`,`group_id`,`title`,`rules` FROM dong_auth_group_access a INNER JOIN dong_auth_group g on a.group_id=g.id  WHERE ( a.uid='1' and g.status='1' )  [ RunTime:0.0590s ]
SQL: SHOW COLUMNS FROM `dong_auth_rule` [ RunTime:0.0829s ]
SQL: SELECT `condition`,`name` FROM `dong_auth_rule` WHERE `id` IN ('1','2','3','4','5','6','7','8','9','10','11','12','13','14','15','19','20','21','23') AND `type` = 1 AND `status` = 1  [ RunTime:0.0428s ]
SQL: SHOW COLUMNS FROM `dong_auth_rule` [ RunTime:0.0136s ]
SQL: SELECT * FROM `dong_auth_rule` WHERE ( menu=0 ) ORDER BY id DESC  [ RunTime:0.1038s ]
SQL: SHOW COLUMNS FROM `dong_newscreate` [ RunTime:0.5265s ]
SQL: SELECT * FROM `dong_newscreate`  [ RunTime:0.0961s ]
INFO: [ view_parse ] --START--
INFO: [ template_filter ] --START--
INFO: Run Behavior\ContentReplaceBehavior [ RunTime:0.007896s ]
INFO: [ template_filter ] --END-- [ RunTime:0.008067s ]
INFO: Run Behavior\ParseTemplateBehavior [ RunTime:0.377079s ]
INFO: [ view_parse ] --END-- [ RunTime:0.377262s ]
INFO: [ view_filter ] --START--
INFO: Run Behavior\WriteHtmlCacheBehavior [ RunTime:0.016357s ]
INFO: [ view_filter ] --END-- [ RunTime:0.016486s ]
INFO: [ app_end ] --START--
INFO: Run Behavior\ShowPageTraceBehavior [ RunTime:0.001168s ]
INFO: [ app_end ] --END-- [ RunTime:0.001339s ]

[ 2016-09-22T15:25:09+08:00 ] 127.0.0.1 /index.php/Admin/AdminGroup/add.html
INFO: [ app_init ] --START--
INFO: Run Behavior\BuildLiteBehavior [ RunTime:0.000035s ]
INFO: [ app_init ] --END-- [ RunTime:0.203076s ]
INFO: [ app_begin ] --START--
INFO: Run Behavior\ReadHtmlCacheBehavior [ RunTime:0.126738s ]
INFO: [ app_begin ] --END-- [ RunTime:0.194068s ]
SQL: SHOW COLUMNS FROM `dong_auth_group_access` [ RunTime:0.0064s ]
SQL: SELECT `uid`,`group_id`,`title`,`rules` FROM dong_auth_group_access a INNER JOIN dong_auth_group g on a.group_id=g.id  WHERE ( a.uid='1' and g.status='1' )  [ RunTime:0.0005s ]
SQL: SHOW COLUMNS FROM `dong_auth_rule` [ RunTime:0.0465s ]
SQL: SELECT `condition`,`name` FROM `dong_auth_rule` WHERE `id` IN ('1','2','3','4','5','6','7','8','9','10','11','12','13','14','15','19','20','21','23') AND `type` = 1 AND `status` = 1  [ RunTime:0.0016s ]
SQL: SHOW COLUMNS FROM `dong_auth_rule` [ RunTime:0.0076s ]
SQL: SELECT * FROM `dong_auth_rule` WHERE ( menu=0 ) ORDER BY id DESC  [ RunTime:0.0006s ]
SQL: SELECT * FROM `dong_auth_rule` ORDER BY id ASC  [ RunTime:0.0006s ]
INFO: [ view_parse ] --START--
INFO: [ template_filter ] --START--
INFO: Run Behavior\ContentReplaceBehavior [ RunTime:0.000205s ]
INFO: [ template_filter ] --END-- [ RunTime:0.000344s ]
INFO: Run Behavior\ParseTemplateBehavior [ RunTime:0.187407s ]
INFO: [ view_parse ] --END-- [ RunTime:0.187583s ]
INFO: [ view_filter ] --START--
INFO: Run Behavior\WriteHtmlCacheBehavior [ RunTime:0.000572s ]
INFO: [ view_filter ] --END-- [ RunTime:0.000725s ]
INFO: [ app_end ] --START--
INFO: Run Behavior\ShowPageTraceBehavior [ RunTime:0.001210s ]
INFO: [ app_end ] --END-- [ RunTime:0.001330s ]

[ 2016-09-22T15:26:13+08:00 ] 127.0.0.1 /index.php/Admin/AdminGroup/index.html
INFO: [ app_init ] --START--
INFO: Run Behavior\BuildLiteBehavior [ RunTime:0.000027s ]
INFO: [ app_init ] --END-- [ RunTime:0.000522s ]
INFO: [ app_begin ] --START--
INFO: Run Behavior\ReadHtmlCacheBehavior [ RunTime:0.000857s ]
INFO: [ app_begin ] --END-- [ RunTime:0.000982s ]
SQL: SHOW COLUMNS FROM `dong_auth_group_access` [ RunTime:0.0066s ]
SQL: SELECT `uid`,`group_id`,`title`,`rules` FROM dong_auth_group_access a INNER JOIN dong_auth_group g on a.group_id=g.id  WHERE ( a.uid='1' and g.status='1' )  [ RunTime:0.0005s ]
SQL: SHOW COLUMNS FROM `dong_auth_rule` [ RunTime:0.0093s ]
SQL: SELECT `condition`,`name` FROM `dong_auth_rule` WHERE `id` IN ('1','2','3','4','5','6','7','8','9','10','11','12','13','14','15','19','20','21','23') AND `type` = 1 AND `status` = 1  [ RunTime:0.0005s ]
SQL: SHOW COLUMNS FROM `dong_auth_rule` [ RunTime:0.0117s ]
SQL: SELECT * FROM `dong_auth_rule` WHERE ( menu=0 ) ORDER BY id DESC  [ RunTime:0.0011s ]
SQL: SHOW COLUMNS FROM `dong_auth_group` [ RunTime:0.0301s ]
SQL: SELECT * FROM `dong_auth_group`  [ RunTime:0.0004s ]
INFO: [ view_parse ] --START--
INFO: [ template_filter ] --START--
INFO: Run Behavior\ContentReplaceBehavior [ RunTime:0.000207s ]
INFO: [ template_filter ] --END-- [ RunTime:0.000371s ]
INFO: Run Behavior\ParseTemplateBehavior [ RunTime:0.046928s ]
INFO: [ view_parse ] --END-- [ RunTime:0.047174s ]
INFO: [ view_filter ] --START--
INFO: Run Behavior\WriteHtmlCacheBehavior [ RunTime:0.000677s ]
INFO: [ view_filter ] --END-- [ RunTime:0.000782s ]
INFO: [ app_end ] --START--
INFO: Run Behavior\ShowPageTraceBehavior [ RunTime:0.001477s ]
INFO: [ app_end ] --END-- [ RunTime:0.001680s ]

[ 2016-09-22T15:26:18+08:00 ] 127.0.0.1 /index.php/Admin/AdminGroup/delete.html
INFO: [ app_init ] --START--
INFO: Run Behavior\BuildLiteBehavior [ RunTime:0.000027s ]
INFO: [ app_init ] --END-- [ RunTime:0.000466s ]
INFO: [ app_begin ] --START--
INFO: Run Behavior\ReadHtmlCacheBehavior [ RunTime:0.001697s ]
INFO: [ app_begin ] --END-- [ RunTime:0.001831s ]
SQL: SHOW COLUMNS FROM `dong_auth_group_access` [ RunTime:0.0435s ]
SQL: SELECT `uid`,`group_id`,`title`,`rules` FROM dong_auth_group_access a INNER JOIN dong_auth_group g on a.group_id=g.id  WHERE ( a.uid='1' and g.status='1' )  [ RunTime:0.0007s ]
SQL: SHOW COLUMNS FROM `dong_auth_rule` [ RunTime:0.0051s ]
SQL: SELECT `condition`,`name` FROM `dong_auth_rule` WHERE `id` IN ('1','2','3','4','5','6','7','8','9','10','11','12','13','14','15','19','20','21','23') AND `type` = 1 AND `status` = 1  [ RunTime:0.0006s ]
SQL: SHOW COLUMNS FROM `dong_auth_rule` [ RunTime:0.0074s ]
SQL: SELECT * FROM `dong_auth_rule` WHERE ( menu=0 ) ORDER BY id DESC  [ RunTime:0.3944s ]
SQL: SHOW COLUMNS FROM `dong_auth_group` [ RunTime:0.0173s ]

[ 2016-09-22T15:26:23+08:00 ] 127.0.0.1 /index.php/Admin/AdminGroup/update.html?id=1
INFO: [ app_init ] --START--
INFO: Run Behavior\BuildLiteBehavior [ RunTime:0.000046s ]
INFO: [ app_init ] --END-- [ RunTime:0.000813s ]
INFO: [ app_begin ] --START--
INFO: Run Behavior\ReadHtmlCacheBehavior [ RunTime:0.000863s ]
INFO: [ app_begin ] --END-- [ RunTime:0.000987s ]
SQL: SHOW COLUMNS FROM `dong_auth_group_access` [ RunTime:0.0044s ]
SQL: SELECT `uid`,`group_id`,`title`,`rules` FROM dong_auth_group_access a INNER JOIN dong_auth_group g on a.group_id=g.id  WHERE ( a.uid='1' and g.status='1' )  [ RunTime:0.0006s ]
SQL: SHOW COLUMNS FROM `dong_auth_rule` [ RunTime:0.0069s ]
SQL: SELECT `condition`,`name` FROM `dong_auth_rule` WHERE `id` IN ('1','2','3','4','5','6','7','8','9','10','11','12','13','14','15','19','20','21','23') AND `type` = 1 AND `status` = 1  [ RunTime:0.0007s ]
SQL: SHOW COLUMNS FROM `dong_auth_rule` [ RunTime:0.0617s ]
SQL: SELECT * FROM `dong_auth_rule` WHERE ( menu=0 ) ORDER BY id DESC  [ RunTime:0.0007s ]
SQL: SHOW COLUMNS FROM `dong_auth_group` [ RunTime:0.0081s ]
SQL: SELECT * FROM `dong_auth_group` WHERE ( id=1 )  [ RunTime:0.0004s ]
INFO: [ view_parse ] --START--
INFO: [ template_filter ] --START--
INFO: Run Behavior\ContentReplaceBehavior [ RunTime:0.000110s ]
INFO: [ template_filter ] --END-- [ RunTime:0.000238s ]
INFO: Run Behavior\ParseTemplateBehavior [ RunTime:0.207316s ]
INFO: [ view_parse ] --END-- [ RunTime:0.207469s ]
INFO: [ view_filter ] --START--
INFO: Run Behavior\WriteHtmlCacheBehavior [ RunTime:0.001380s ]
INFO: [ view_filter ] --END-- [ RunTime:0.001551s ]
INFO: [ app_end ] --START--
INFO: Run Behavior\ShowPageTraceBehavior [ RunTime:0.001179s ]
INFO: [ app_end ] --END-- [ RunTime:0.001294s ]

[ 2016-09-22T15:26:26+08:00 ] 127.0.0.1 /index.php/Admin/AdminGroup/update.html?id=2
INFO: [ app_init ] --START--
INFO: Run Behavior\BuildLiteBehavior [ RunTime:0.000032s ]
INFO: [ app_init ] --END-- [ RunTime:0.000598s ]
INFO: [ app_begin ] --START--
INFO: Run Behavior\ReadHtmlCacheBehavior [ RunTime:0.002290s ]
INFO: [ app_begin ] --END-- [ RunTime:0.002455s ]
SQL: SHOW COLUMNS FROM `dong_auth_group_access` [ RunTime:0.0209s ]
SQL: SELECT `uid`,`group_id`,`title`,`rules` FROM dong_auth_group_access a INNER JOIN dong_auth_group g on a.group_id=g.id  WHERE ( a.uid='1' and g.status='1' )  [ RunTime:0.0007s ]
SQL: SHOW COLUMNS FROM `dong_auth_rule` [ RunTime:0.0078s ]
SQL: SELECT `condition`,`name` FROM `dong_auth_rule` WHERE `id` IN ('1','2','3','4','5','6','7','8','9','10','11','12','13','14','15','19','20','21','23') AND `type` = 1 AND `status` = 1  [ RunTime:0.0011s ]
SQL: SHOW COLUMNS FROM `dong_auth_rule` [ RunTime:0.0091s ]
SQL: SELECT * FROM `dong_auth_rule` WHERE ( menu=0 ) ORDER BY id DESC  [ RunTime:0.0010s ]
SQL: SHOW COLUMNS FROM `dong_auth_group` [ RunTime:0.0106s ]
SQL: SELECT * FROM `dong_auth_group` WHERE ( id=2 )  [ RunTime:0.0012s ]
INFO: [ view_parse ] --START--
INFO: [ template_filter ] --START--
INFO: Run Behavior\ContentReplaceBehavior [ RunTime:0.000193s ]
INFO: [ template_filter ] --END-- [ RunTime:0.000403s ]
INFO: Run Behavior\ParseTemplateBehavior [ RunTime:0.014284s ]
INFO: [ view_parse ] --END-- [ RunTime:0.014490s ]
INFO: [ view_filter ] --START--
INFO: Run Behavior\WriteHtmlCacheBehavior [ RunTime:0.001785s ]
INFO: [ view_filter ] --END-- [ RunTime:0.001971s ]
INFO: [ app_end ] --START--
INFO: Run Behavior\ShowPageTraceBehavior [ RunTime:0.001613s ]
INFO: [ app_end ] --END-- [ RunTime:0.001789s ]

[ 2016-09-22T15:26:30+08:00 ] 127.0.0.1 /index.php/Admin/AdminAction/index.html
INFO: [ app_init ] --START--
INFO: Run Behavior\BuildLiteBehavior [ RunTime:0.000031s ]
INFO: [ app_init ] --END-- [ RunTime:0.000532s ]
INFO: [ app_begin ] --START--
INFO: Run Behavior\ReadHtmlCacheBehavior [ RunTime:0.000864s ]
INFO: [ app_begin ] --END-- [ RunTime:0.001002s ]
SQL: SHOW COLUMNS FROM `dong_auth_group_access` [ RunTime:0.0050s ]
SQL: SELECT `uid`,`group_id`,`title`,`rules` FROM dong_auth_group_access a INNER JOIN dong_auth_group g on a.group_id=g.id  WHERE ( a.uid='1' and g.status='1' )  [ RunTime:0.0005s ]
SQL: SHOW COLUMNS FROM `dong_auth_rule` [ RunTime:0.0109s ]
SQL: SELECT `condition`,`name` FROM `dong_auth_rule` WHERE `id` IN ('1','2','3','4','5','6','7','8','9','10','11','12','13','14','15','19','20','21','23') AND `type` = 1 AND `status` = 1  [ RunTime:0.0015s ]
SQL: SHOW COLUMNS FROM `dong_auth_rule` [ RunTime:0.0096s ]
SQL: SELECT * FROM `dong_auth_rule` WHERE ( menu=0 ) ORDER BY id DESC  [ RunTime:0.0007s ]
INFO: [ view_parse ] --START--
INFO: [ template_filter ] --START--
INFO: Run Behavior\ContentReplaceBehavior [ RunTime:0.000266s ]
INFO: [ template_filter ] --END-- [ RunTime:0.000389s ]
NOTIC: [8] Undefined variable: results E:\wamp\www\Blog\Blog\Runtime\Cache\Admin\f031134e54174b49ba8099e6189c15d6.php 第 123 行.
INFO: Run Behavior\ParseTemplateBehavior [ RunTime:0.052104s ]
INFO: [ view_parse ] --END-- [ RunTime:0.052236s ]
INFO: [ view_filter ] --START--
INFO: Run Behavior\WriteHtmlCacheBehavior [ RunTime:0.000847s ]
INFO: [ view_filter ] --END-- [ RunTime:0.000966s ]
INFO: [ app_end ] --START--
INFO: Run Behavior\ShowPageTraceBehavior [ RunTime:0.000958s ]
INFO: [ app_end ] --END-- [ RunTime:0.001064s ]

[ 2016-09-22T15:26:31+08:00 ] 127.0.0.1 /index.php/Admin/AdminAction/add.html
INFO: [ app_init ] --START--
INFO: Run Behavior\BuildLiteBehavior [ RunTime:0.000032s ]
INFO: [ app_init ] --END-- [ RunTime:0.000591s ]
INFO: [ app_begin ] --START--
INFO: Run Behavior\ReadHtmlCacheBehavior [ RunTime:0.000798s ]
INFO: [ app_begin ] --END-- [ RunTime:0.000913s ]
SQL: SHOW COLUMNS FROM `dong_auth_group_access` [ RunTime:0.0079s ]
SQL: SELECT `uid`,`group_id`,`title`,`rules` FROM dong_auth_group_access a INNER JOIN dong_auth_group g on a.group_id=g.id  WHERE ( a.uid='1' and g.status='1' )  [ RunTime:0.0005s ]
SQL: SHOW COLUMNS FROM `dong_auth_rule` [ RunTime:0.0082s ]
SQL: SELECT `condition`,`name` FROM `dong_auth_rule` WHERE `id` IN ('1','2','3','4','5','6','7','8','9','10','11','12','13','14','15','19','20','21','23') AND `type` = 1 AND `status` = 1  [ RunTime:0.0005s ]
SQL: SHOW COLUMNS FROM `dong_auth_rule` [ RunTime:0.0087s ]
SQL: SELECT * FROM `dong_auth_rule` WHERE ( menu=0 ) ORDER BY id DESC  [ RunTime:0.0005s ]
SQL: SELECT * FROM `dong_auth_rule` WHERE ( pid=0 )  [ RunTime:0.0005s ]
INFO: [ view_parse ] --START--
INFO: [ template_filter ] --START--
INFO: Run Behavior\ContentReplaceBehavior [ RunTime:0.000201s ]
INFO: [ template_filter ] --END-- [ RunTime:0.000321s ]
INFO: Run Behavior\ParseTemplateBehavior [ RunTime:0.024977s ]
INFO: [ view_parse ] --END-- [ RunTime:0.025136s ]
INFO: [ view_filter ] --START--
INFO: Run Behavior\WriteHtmlCacheBehavior [ RunTime:0.000989s ]
INFO: [ view_filter ] --END-- [ RunTime:0.001126s ]
INFO: [ app_end ] --START--
INFO: Run Behavior\ShowPageTraceBehavior [ RunTime:0.000908s ]
INFO: [ app_end ] --END-- [ RunTime:0.001010s ]

[ 2016-09-22T15:26:32+08:00 ] 127.0.0.1 /index.php/Admin/AdminGroup/index.html
INFO: [ app_init ] --START--
INFO: Run Behavior\BuildLiteBehavior [ RunTime:0.000062s ]
INFO: [ app_init ] --END-- [ RunTime:0.001083s ]
INFO: [ app_begin ] --START--
INFO: Run Behavior\ReadHtmlCacheBehavior [ RunTime:0.000986s ]
INFO: [ app_begin ] --END-- [ RunTime:0.001147s ]
SQL: SHOW COLUMNS FROM `dong_auth_group_access` [ RunTime:0.0085s ]
SQL: SELECT `uid`,`group_id`,`title`,`rules` FROM dong_auth_group_access a INNER JOIN dong_auth_group g on a.group_id=g.id  WHERE ( a.uid='1' and g.status='1' )  [ RunTime:0.0005s ]
SQL: SHOW COLUMNS FROM `dong_auth_rule` [ RunTime:0.0061s ]
SQL: SELECT `condition`,`name` FROM `dong_auth_rule` WHERE `id` IN ('1','2','3','4','5','6','7','8','9','10','11','12','13','14','15','19','20','21','23') AND `type` = 1 AND `status` = 1  [ RunTime:0.0005s ]
SQL: SHOW COLUMNS FROM `dong_auth_rule` [ RunTime:0.0057s ]
SQL: SELECT * FROM `dong_auth_rule` WHERE ( menu=0 ) ORDER BY id DESC  [ RunTime:0.0009s ]
SQL: SHOW COLUMNS FROM `dong_auth_group` [ RunTime:0.0082s ]
SQL: SELECT * FROM `dong_auth_group`  [ RunTime:0.0004s ]
INFO: [ view_parse ] --START--
INFO: [ template_filter ] --START--
INFO: Run Behavior\ContentReplaceBehavior [ RunTime:0.000205s ]
INFO: [ template_filter ] --END-- [ RunTime:0.000362s ]
INFO: Run Behavior\ParseTemplateBehavior [ RunTime:0.019098s ]
INFO: [ view_parse ] --END-- [ RunTime:0.019228s ]
INFO: [ view_filter ] --START--
INFO: Run Behavior\WriteHtmlCacheBehavior [ RunTime:0.000633s ]
INFO: [ view_filter ] --END-- [ RunTime:0.000738s ]
INFO: [ app_end ] --START--
INFO: Run Behavior\ShowPageTraceBehavior [ RunTime:0.000781s ]
INFO: [ app_end ] --END-- [ RunTime:0.000874s ]

[ 2016-09-22T15:26:33+08:00 ] 127.0.0.1 /index.php/Admin/AdminGroup/add.html
INFO: [ app_init ] --START--
INFO: Run Behavior\BuildLiteBehavior [ RunTime:0.000029s ]
INFO: [ app_init ] --END-- [ RunTime:0.000567s ]
INFO: [ app_begin ] --START--
INFO: Run Behavior\ReadHtmlCacheBehavior [ RunTime:0.000958s ]
INFO: [ app_begin ] --END-- [ RunTime:0.001109s ]
SQL: SHOW COLUMNS FROM `dong_auth_group_access` [ RunTime:0.0169s ]
SQL: SELECT `uid`,`group_id`,`title`,`rules` FROM dong_auth_group_access a INNER JOIN dong_auth_group g on a.group_id=g.id  WHERE ( a.uid='1' and g.status='1' )  [ RunTime:0.0115s ]
SQL: SHOW COLUMNS FROM `dong_auth_rule` [ RunTime:0.0082s ]
SQL: SELECT `condition`,`name` FROM `dong_auth_rule` WHERE `id` IN ('1','2','3','4','5','6','7','8','9','10','11','12','13','14','15','19','20','21','23') AND `type` = 1 AND `status` = 1  [ RunTime:0.0082s ]
SQL: SHOW COLUMNS FROM `dong_auth_rule` [ RunTime:0.0076s ]
SQL: SELECT * FROM `dong_auth_rule` WHERE ( menu=0 ) ORDER BY id DESC  [ RunTime:0.0005s ]
SQL: SELECT * FROM `dong_auth_rule` ORDER BY id ASC  [ RunTime:0.0015s ]
INFO: [ view_parse ] --START--
INFO: [ template_filter ] --START--
INFO: Run Behavior\ContentReplaceBehavior [ RunTime:0.000217s ]
INFO: [ template_filter ] --END-- [ RunTime:0.000359s ]
INFO: Run Behavior\ParseTemplateBehavior [ RunTime:0.022629s ]
INFO: [ view_parse ] --END-- [ RunTime:0.022763s ]
INFO: [ view_filter ] --START--
INFO: Run Behavior\WriteHtmlCacheBehavior [ RunTime:0.000582s ]
INFO: [ view_filter ] --END-- [ RunTime:0.000716s ]
INFO: [ app_end ] --START--
INFO: Run Behavior\ShowPageTraceBehavior [ RunTime:0.000875s ]
INFO: [ app_end ] --END-- [ RunTime:0.000979s ]

[ 2016-09-22T15:26:34+08:00 ] 127.0.0.1 /index.php/Admin/User/userInfo.html
INFO: [ app_init ] --START--
INFO: Run Behavior\BuildLiteBehavior [ RunTime:0.000029s ]
INFO: [ app_init ] --END-- [ RunTime:0.000578s ]
INFO: [ app_begin ] --START--
INFO: Run Behavior\ReadHtmlCacheBehavior [ RunTime:0.000982s ]
INFO: [ app_begin ] --END-- [ RunTime:0.001125s ]
SQL: SHOW COLUMNS FROM `dong_auth_group_access` [ RunTime:0.0069s ]
SQL: SELECT `uid`,`group_id`,`title`,`rules` FROM dong_auth_group_access a INNER JOIN dong_auth_group g on a.group_id=g.id  WHERE ( a.uid='1' and g.status='1' )  [ RunTime:0.0016s ]
SQL: SHOW COLUMNS FROM `dong_auth_rule` [ RunTime:0.0051s ]
SQL: SELECT `condition`,`name` FROM `dong_auth_rule` WHERE `id` IN ('1','2','3','4','5','6','7','8','9','10','11','12','13','14','15','19','20','21','23') AND `type` = 1 AND `status` = 1  [ RunTime:0.0005s ]
SQL: SHOW COLUMNS FROM `dong_auth_rule` [ RunTime:0.0089s ]
SQL: SELECT * FROM `dong_auth_rule` WHERE ( menu=0 ) ORDER BY id DESC  [ RunTime:0.0005s ]
NOTIC: [2048] Declaration of Admin\Model\AdminModel::_before_delete() should be compatible with Think\Model::_before_delete($options) E:\wamp\www\Blog\Blog\Admin\Model\AdminModel.class.php 第 121 行.
SQL: SELECT * FROM `dong_admin` WHERE ( status=0 )  [ RunTime:0.0760s ]
INFO: [ view_parse ] --START--
INFO: [ template_filter ] --START--
INFO: Run Behavior\ContentReplaceBehavior [ RunTime:0.000200s ]
INFO: [ template_filter ] --END-- [ RunTime:0.000321s ]
INFO: Run Behavior\ParseTemplateBehavior [ RunTime:0.043927s ]
INFO: [ view_parse ] --END-- [ RunTime:0.044085s ]
INFO: [ view_filter ] --START--
INFO: Run Behavior\WriteHtmlCacheBehavior [ RunTime:0.000602s ]
INFO: [ view_filter ] --END-- [ RunTime:0.000696s ]
INFO: [ app_end ] --START--
INFO: Run Behavior\ShowPageTraceBehavior [ RunTime:0.000774s ]
INFO: [ app_end ] --END-- [ RunTime:0.000868s ]

[ 2016-09-22T15:26:36+08:00 ] 127.0.0.1 /index.php/Admin/News/add.html
INFO: [ app_init ] --START--
INFO: Run Behavior\BuildLiteBehavior [ RunTime:0.000060s ]
INFO: [ app_init ] --END-- [ RunTime:0.001211s ]
INFO: [ app_begin ] --START--
INFO: Run Behavior\ReadHtmlCacheBehavior [ RunTime:0.001261s ]
INFO: [ app_begin ] --END-- [ RunTime:0.001388s ]
SQL: SHOW COLUMNS FROM `dong_auth_group_access` [ RunTime:0.0075s ]
SQL: SELECT `uid`,`group_id`,`title`,`rules` FROM dong_auth_group_access a INNER JOIN dong_auth_group g on a.group_id=g.id  WHERE ( a.uid='1' and g.status='1' )  [ RunTime:0.0006s ]
SQL: SHOW COLUMNS FROM `dong_auth_rule` [ RunTime:0.0158s ]
SQL: SELECT `condition`,`name` FROM `dong_auth_rule` WHERE `id` IN ('1','2','3','4','5','6','7','8','9','10','11','12','13','14','15','19','20','21','23') AND `type` = 1 AND `status` = 1  [ RunTime:0.0007s ]
SQL: SHOW COLUMNS FROM `dong_auth_rule` [ RunTime:0.0067s ]
SQL: SELECT * FROM `dong_auth_rule` WHERE ( menu=0 ) ORDER BY id DESC  [ RunTime:0.0007s ]
SQL: SHOW COLUMNS FROM `dong_newscreate` [ RunTime:0.0060s ]
SQL: SELECT * FROM `dong_newscreate`  [ RunTime:0.0017s ]
INFO: [ view_parse ] --START--
INFO: [ template_filter ] --START--
INFO: Run Behavior\ContentReplaceBehavior [ RunTime:0.000360s ]
INFO: [ template_filter ] --END-- [ RunTime:0.000638s ]
INFO: Run Behavior\ParseTemplateBehavior [ RunTime:0.020935s ]
INFO: [ view_parse ] --END-- [ RunTime:0.021074s ]
INFO: [ view_filter ] --START--
INFO: Run Behavior\WriteHtmlCacheBehavior [ RunTime:0.000600s ]
INFO: [ view_filter ] --END-- [ RunTime:0.000700s ]
INFO: [ app_end ] --START--
INFO: Run Behavior\ShowPageTraceBehavior [ RunTime:0.001981s ]
INFO: [ app_end ] --END-- [ RunTime:0.002099s ]

[ 2016-09-22T17:29:22+08:00 ] 127.0.0.1 /index.php/Admin/News/add.html
INFO: [ app_init ] --START--
INFO: Run Behavior\BuildLiteBehavior [ RunTime:0.000033s ]
INFO: [ app_init ] --END-- [ RunTime:0.046533s ]
INFO: [ app_begin ] --START--
INFO: Run Behavior\ReadHtmlCacheBehavior [ RunTime:0.058817s ]
INFO: [ app_begin ] --END-- [ RunTime:0.058972s ]
SQL: SHOW COLUMNS FROM `dong_auth_group_access` [ RunTime:4.6307s ]
SQL: SELECT `uid`,`group_id`,`title`,`rules` FROM dong_auth_group_access a INNER JOIN dong_auth_group g on a.group_id=g.id  WHERE ( a.uid='1' and g.status='1' )  [ RunTime:2.4285s ]
SQL: SHOW COLUMNS FROM `dong_auth_rule` [ RunTime:0.2501s ]
SQL: SELECT `condition`,`name` FROM `dong_auth_rule` WHERE `id` IN ('1','2','3','4','5','6','7','8','9','10','11','12','13','14','15','19','20','21','23') AND `type` = 1 AND `status` = 1  [ RunTime:0.4523s ]
SQL: SHOW COLUMNS FROM `dong_auth_rule` [ RunTime:0.0069s ]
SQL: SELECT * FROM `dong_auth_rule` WHERE ( menu=0 ) ORDER BY id DESC  [ RunTime:0.0693s ]
SQL: SHOW COLUMNS FROM `dong_newscreate` [ RunTime:0.3475s ]
SQL: SELECT * FROM `dong_newscreate`  [ RunTime:0.1429s ]
INFO: [ view_parse ] --START--
INFO: [ template_filter ] --START--
INFO: Run Behavior\ContentReplaceBehavior [ RunTime:0.124317s ]
INFO: [ template_filter ] --END-- [ RunTime:0.124618s ]
INFO: Run Behavior\ParseTemplateBehavior [ RunTime:0.975847s ]
INFO: [ view_parse ] --END-- [ RunTime:0.976084s ]
INFO: [ view_filter ] --START--
INFO: Run Behavior\WriteHtmlCacheBehavior [ RunTime:0.037915s ]
INFO: [ view_filter ] --END-- [ RunTime:0.038033s ]
INFO: [ app_end ] --START--
INFO: Run Behavior\ShowPageTraceBehavior [ RunTime:0.001681s ]
INFO: [ app_end ] --END-- [ RunTime:0.001846s ]

[ 2016-09-22T17:44:43+08:00 ] 127.0.0.1 /index.php/Admin/User/userInfo.html
INFO: [ app_init ] --START--
INFO: Run Behavior\BuildLiteBehavior [ RunTime:0.000034s ]
INFO: [ app_init ] --END-- [ RunTime:0.001047s ]
INFO: [ app_begin ] --START--
INFO: Run Behavior\ReadHtmlCacheBehavior [ RunTime:0.031742s ]
INFO: [ app_begin ] --END-- [ RunTime:0.032079s ]
SQL: SHOW COLUMNS FROM `dong_auth_group_access` [ RunTime:0.0333s ]
SQL: SELECT `uid`,`group_id`,`title`,`rules` FROM dong_auth_group_access a INNER JOIN dong_auth_group g on a.group_id=g.id  WHERE ( a.uid='1' and g.status='1' )  [ RunTime:0.0010s ]
SQL: SHOW COLUMNS FROM `dong_auth_rule` [ RunTime:0.0077s ]
SQL: SELECT `condition`,`name` FROM `dong_auth_rule` WHERE `id` IN ('1','2','3','4','5','6','7','8','9','10','11','12','13','14','15','19','20','21','23') AND `type` = 1 AND `status` = 1  [ RunTime:0.0005s ]
SQL: SHOW COLUMNS FROM `dong_auth_rule` [ RunTime:0.0033s ]
SQL: SELECT * FROM `dong_auth_rule` WHERE ( menu=0 ) ORDER BY id DESC  [ RunTime:0.0005s ]
NOTIC: [2048] Declaration of Admin\Model\AdminModel::_before_delete() should be compatible with Think\Model::_before_delete($options) E:\wamp\www\Blog\Blog\Admin\Model\AdminModel.class.php 第 121 行.
SQL: SELECT * FROM `dong_admin` WHERE ( status=0 )  [ RunTime:0.0789s ]
INFO: [ view_parse ] --START--
INFO: [ template_filter ] --START--
INFO: Run Behavior\ContentReplaceBehavior [ RunTime:0.000200s ]
INFO: [ template_filter ] --END-- [ RunTime:0.000323s ]
INFO: Run Behavior\ParseTemplateBehavior [ RunTime:0.114413s ]
INFO: [ view_parse ] --END-- [ RunTime:0.114554s ]
INFO: [ view_filter ] --START--
INFO: Run Behavior\WriteHtmlCacheBehavior [ RunTime:0.064429s ]
INFO: [ view_filter ] --END-- [ RunTime:0.064712s ]
INFO: [ app_end ] --START--
INFO: Run Behavior\ShowPageTraceBehavior [ RunTime:0.001150s ]
INFO: [ app_end ] --END-- [ RunTime:0.001263s ]

[ 2016-09-22T17:44:47+08:00 ] 127.0.0.1 /index.php/Admin/User/update.html?id=1
INFO: [ app_init ] --START--
INFO: Run Behavior\BuildLiteBehavior [ RunTime:0.000033s ]
INFO: [ app_init ] --END-- [ RunTime:0.000570s ]
INFO: [ app_begin ] --START--
INFO: Run Behavior\ReadHtmlCacheBehavior [ RunTime:0.000964s ]
INFO: [ app_begin ] --END-- [ RunTime:0.001148s ]
SQL: SHOW COLUMNS FROM `dong_auth_group_access` [ RunTime:0.0045s ]
SQL: SELECT `uid`,`group_id`,`title`,`rules` FROM dong_auth_group_access a INNER JOIN dong_auth_group g on a.group_id=g.id  WHERE ( a.uid='1' and g.status='1' )  [ RunTime:0.0006s ]
SQL: SHOW COLUMNS FROM `dong_auth_rule` [ RunTime:0.0045s ]
SQL: SELECT `condition`,`name` FROM `dong_auth_rule` WHERE `id` IN ('1','2','3','4','5','6','7','8','9','10','11','12','13','14','15','19','20','21','23') AND `type` = 1 AND `status` = 1  [ RunTime:0.0020s ]
SQL: SHOW COLUMNS FROM `dong_auth_rule` [ RunTime:0.0184s ]
SQL: SELECT * FROM `dong_auth_rule` WHERE ( menu=0 ) ORDER BY id DESC  [ RunTime:0.0019s ]
SQL: SHOW COLUMNS FROM `dong_admin` [ RunTime:0.0069s ]
SQL: SELECT * FROM `dong_admin` WHERE ( id=1 )  [ RunTime:0.0131s ]
INFO: [ view_parse ] --START--
INFO: [ template_filter ] --START--
INFO: Run Behavior\ContentReplaceBehavior [ RunTime:0.000114s ]
INFO: [ template_filter ] --END-- [ RunTime:0.000230s ]
INFO: Run Behavior\ParseTemplateBehavior [ RunTime:0.061957s ]
INFO: [ view_parse ] --END-- [ RunTime:0.062147s ]
INFO: [ view_filter ] --START--
INFO: Run Behavior\WriteHtmlCacheBehavior [ RunTime:0.000525s ]
INFO: [ view_filter ] --END-- [ RunTime:0.000633s ]
INFO: [ app_end ] --START--
INFO: Run Behavior\ShowPageTraceBehavior [ RunTime:0.000857s ]
INFO: [ app_end ] --END-- [ RunTime:0.000963s ]

[ 2016-09-22T17:44:51+08:00 ] 127.0.0.1 /index.php/Admin/User/delete.html
INFO: [ app_init ] --START--
INFO: Run Behavior\BuildLiteBehavior [ RunTime:0.000027s ]
INFO: [ app_init ] --END-- [ RunTime:0.000489s ]
INFO: [ app_begin ] --START--
INFO: Run Behavior\ReadHtmlCacheBehavior [ RunTime:0.000885s ]
INFO: [ app_begin ] --END-- [ RunTime:0.000999s ]
SQL: SHOW COLUMNS FROM `dong_auth_group_access` [ RunTime:0.0036s ]
SQL: SELECT `uid`,`group_id`,`title`,`rules` FROM dong_auth_group_access a INNER JOIN dong_auth_group g on a.group_id=g.id  WHERE ( a.uid='1' and g.status='1' )  [ RunTime:0.0005s ]
SQL: SHOW COLUMNS FROM `dong_auth_rule` [ RunTime:0.0035s ]
SQL: SELECT `condition`,`name` FROM `dong_auth_rule` WHERE `id` IN ('1','2','3','4','5','6','7','8','9','10','11','12','13','14','15','19','20','21','23') AND `type` = 1 AND `status` = 1  [ RunTime:0.0005s ]
SQL: SHOW COLUMNS FROM `dong_auth_rule` [ RunTime:0.0054s ]
SQL: SELECT * FROM `dong_auth_rule` WHERE ( menu=0 ) ORDER BY id DESC  [ RunTime:0.0005s ]
NOTIC: [2048] Declaration of Admin\Model\AdminModel::_before_delete() should be compatible with Think\Model::_before_delete($options) E:\wamp\www\Blog\Blog\Admin\Model\AdminModel.class.php 第 121 行.

[ 2016-09-22T17:44:57+08:00 ] 127.0.0.1 /index.php/Admin/AdminGroup/index.html
INFO: [ app_init ] --START--
INFO: Run Behavior\BuildLiteBehavior [ RunTime:0.000031s ]
INFO: [ app_init ] --END-- [ RunTime:0.000615s ]
INFO: [ app_begin ] --START--
INFO: Run Behavior\ReadHtmlCacheBehavior [ RunTime:0.000859s ]
INFO: [ app_begin ] --END-- [ RunTime:0.000984s ]
SQL: SHOW COLUMNS FROM `dong_auth_group_access` [ RunTime:0.0040s ]
SQL: SELECT `uid`,`group_id`,`title`,`rules` FROM dong_auth_group_access a INNER JOIN dong_auth_group g on a.group_id=g.id  WHERE ( a.uid='1' and g.status='1' )  [ RunTime:0.0010s ]
SQL: SHOW COLUMNS FROM `dong_auth_rule` [ RunTime:0.0041s ]
SQL: SELECT `condition`,`name` FROM `dong_auth_rule` WHERE `id` IN ('1','2','3','4','5','6','7','8','9','10','11','12','13','14','15','19','20','21','23') AND `type` = 1 AND `status` = 1  [ RunTime:0.0013s ]
SQL: SHOW COLUMNS FROM `dong_auth_rule` [ RunTime:0.0037s ]
SQL: SELECT * FROM `dong_auth_rule` WHERE ( menu=0 ) ORDER BY id DESC  [ RunTime:0.0004s ]
SQL: SHOW COLUMNS FROM `dong_auth_group` [ RunTime:0.0038s ]
SQL: SELECT * FROM `dong_auth_group`  [ RunTime:0.0003s ]
INFO: [ view_parse ] --START--
INFO: [ template_filter ] --START--
INFO: Run Behavior\ContentReplaceBehavior [ RunTime:0.000191s ]
INFO: [ template_filter ] --END-- [ RunTime:0.000306s ]
INFO: Run Behavior\ParseTemplateBehavior [ RunTime:0.061643s ]
INFO: [ view_parse ] --END-- [ RunTime:0.061782s ]
INFO: [ view_filter ] --START--
INFO: Run Behavior\WriteHtmlCacheBehavior [ RunTime:0.000802s ]
INFO: [ view_filter ] --END-- [ RunTime:0.000943s ]
INFO: [ app_end ] --START--
INFO: Run Behavior\ShowPageTraceBehavior [ RunTime:0.000935s ]
INFO: [ app_end ] --END-- [ RunTime:0.001046s ]

[ 2016-09-22T17:45:01+08:00 ] 127.0.0.1 /index.php/Admin/AdminGroup/delete.html
INFO: [ app_init ] --START--
INFO: Run Behavior\BuildLiteBehavior [ RunTime:0.000031s ]
INFO: [ app_init ] --END-- [ RunTime:0.000752s ]
INFO: [ app_begin ] --START--
INFO: Run Behavior\ReadHtmlCacheBehavior [ RunTime:0.001649s ]
INFO: [ app_begin ] --END-- [ RunTime:0.001925s ]
SQL: SHOW COLUMNS FROM `dong_auth_group_access` [ RunTime:0.0033s ]
SQL: SELECT `uid`,`group_id`,`title`,`rules` FROM dong_auth_group_access a INNER JOIN dong_auth_group g on a.group_id=g.id  WHERE ( a.uid='1' and g.status='1' )  [ RunTime:0.0005s ]
SQL: SHOW COLUMNS FROM `dong_auth_rule` [ RunTime:0.0036s ]
SQL: SELECT `condition`,`name` FROM `dong_auth_rule` WHERE `id` IN ('1','2','3','4','5','6','7','8','9','10','11','12','13','14','15','19','20','21','23') AND `type` = 1 AND `status` = 1  [ RunTime:0.0007s ]
SQL: SHOW COLUMNS FROM `dong_auth_rule` [ RunTime:0.0072s ]
SQL: SELECT * FROM `dong_auth_rule` WHERE ( menu=0 ) ORDER BY id DESC  [ RunTime:0.0008s ]
SQL: SHOW COLUMNS FROM `dong_auth_group` [ RunTime:0.0035s ]

[ 2016-09-22T17:50:23+08:00 ] 127.0.0.1 /index.php/Admin/News/add.html
INFO: [ app_init ] --START--
INFO: Run Behavior\BuildLiteBehavior [ RunTime:0.000027s ]
INFO: [ app_init ] --END-- [ RunTime:0.000912s ]
INFO: [ app_begin ] --START--
INFO: Run Behavior\ReadHtmlCacheBehavior [ RunTime:0.000971s ]
INFO: [ app_begin ] --END-- [ RunTime:0.001159s ]
SQL: SHOW COLUMNS FROM `dong_auth_group_access` [ RunTime:0.0175s ]
SQL: SELECT `uid`,`group_id`,`title`,`rules` FROM dong_auth_group_access a INNER JOIN dong_auth_group g on a.group_id=g.id  WHERE ( a.uid='1' and g.status='1' )  [ RunTime:0.0005s ]
SQL: SHOW COLUMNS FROM `dong_auth_rule` [ RunTime:0.0048s ]
SQL: SELECT `condition`,`name` FROM `dong_auth_rule` WHERE `id` IN ('1','2','3','4','5','6','7','8','9','10','11','12','13','14','15','19','20','21','23') AND `type` = 1 AND `status` = 1  [ RunTime:0.0006s ]
SQL: SHOW COLUMNS FROM `dong_auth_rule` [ RunTime:0.0048s ]
SQL: SELECT * FROM `dong_auth_rule` WHERE ( menu=0 ) ORDER BY id DESC  [ RunTime:0.0005s ]
SQL: SHOW COLUMNS FROM `dong_newscreate` [ RunTime:0.0037s ]
SQL: SELECT * FROM `dong_newscreate`  [ RunTime:0.0005s ]
INFO: [ view_parse ] --START--
INFO: [ template_filter ] --START--
INFO: Run Behavior\ContentReplaceBehavior [ RunTime:0.000238s ]
INFO: [ template_filter ] --END-- [ RunTime:0.000357s ]
INFO: Run Behavior\ParseTemplateBehavior [ RunTime:0.035951s ]
INFO: [ view_parse ] --END-- [ RunTime:0.036101s ]
INFO: [ view_filter ] --START--
INFO: Run Behavior\WriteHtmlCacheBehavior [ RunTime:0.000591s ]
INFO: [ view_filter ] --END-- [ RunTime:0.000677s ]
INFO: [ app_end ] --START--
INFO: Run Behavior\ShowPageTraceBehavior [ RunTime:0.000822s ]
INFO: [ app_end ] --END-- [ RunTime:0.000920s ]

[ 2016-09-22T17:50:29+08:00 ] 127.0.0.1 /index.php/Admin/AdminGroup/add.html
INFO: [ app_init ] --START--
INFO: Run Behavior\BuildLiteBehavior [ RunTime:0.000032s ]
INFO: [ app_init ] --END-- [ RunTime:0.000517s ]
INFO: [ app_begin ] --START--
INFO: Run Behavior\ReadHtmlCacheBehavior [ RunTime:0.000926s ]
INFO: [ app_begin ] --END-- [ RunTime:0.001066s ]
SQL: SHOW COLUMNS FROM `dong_auth_group_access` [ RunTime:0.0044s ]
SQL: SELECT `uid`,`group_id`,`title`,`rules` FROM dong_auth_group_access a INNER JOIN dong_auth_group g on a.group_id=g.id  WHERE ( a.uid='1' and g.status='1' )  [ RunTime:0.0007s ]
SQL: SHOW COLUMNS FROM `dong_auth_rule` [ RunTime:0.0064s ]
SQL: SELECT `condition`,`name` FROM `dong_auth_rule` WHERE `id` IN ('1','2','3','4','5','6','7','8','9','10','11','12','13','14','15','19','20','21','23') AND `type` = 1 AND `status` = 1  [ RunTime:0.0016s ]
SQL: SHOW COLUMNS FROM `dong_auth_rule` [ RunTime:0.0068s ]
SQL: SELECT * FROM `dong_auth_rule` WHERE ( menu=0 ) ORDER BY id DESC  [ RunTime:0.0014s ]
SQL: SELECT * FROM `dong_auth_rule` ORDER BY id ASC  [ RunTime:0.0226s ]
INFO: [ view_parse ] --START--
INFO: [ template_filter ] --START--
INFO: Run Behavior\ContentReplaceBehavior [ RunTime:0.000251s ]
INFO: [ template_filter ] --END-- [ RunTime:0.000375s ]
INFO: Run Behavior\ParseTemplateBehavior [ RunTime:0.048972s ]
INFO: [ view_parse ] --END-- [ RunTime:0.049409s ]
INFO: [ view_filter ] --START--
INFO: Run Behavior\WriteHtmlCacheBehavior [ RunTime:0.000725s ]
INFO: [ view_filter ] --END-- [ RunTime:0.000840s ]
INFO: [ app_end ] --START--
INFO: Run Behavior\ShowPageTraceBehavior [ RunTime:0.000874s ]
INFO: [ app_end ] --END-- [ RunTime:0.000979s ]

[ 2016-09-22T17:50:30+08:00 ] 127.0.0.1 /index.php/Admin/News/add.html
INFO: [ app_init ] --START--
INFO: Run Behavior\BuildLiteBehavior [ RunTime:0.000031s ]
INFO: [ app_init ] --END-- [ RunTime:0.000615s ]
INFO: [ app_begin ] --START--
INFO: Run Behavior\ReadHtmlCacheBehavior [ RunTime:0.001036s ]
INFO: [ app_begin ] --END-- [ RunTime:0.001201s ]
SQL: SHOW COLUMNS FROM `dong_auth_group_access` [ RunTime:0.0050s ]
SQL: SELECT `uid`,`group_id`,`title`,`rules` FROM dong_auth_group_access a INNER JOIN dong_auth_group g on a.group_id=g.id  WHERE ( a.uid='1' and g.status='1' )  [ RunTime:0.0014s ]
SQL: SHOW COLUMNS FROM `dong_auth_rule` [ RunTime:0.0127s ]
SQL: SELECT `condition`,`name` FROM `dong_auth_rule` WHERE `id` IN ('1','2','3','4','5','6','7','8','9','10','11','12','13','14','15','19','20','21','23') AND `type` = 1 AND `status` = 1  [ RunTime:0.0006s ]
SQL: SHOW COLUMNS FROM `dong_auth_rule` [ RunTime:0.0178s ]
SQL: SELECT * FROM `dong_auth_rule` WHERE ( menu=0 ) ORDER BY id DESC  [ RunTime:0.0005s ]
SQL: SHOW COLUMNS FROM `dong_newscreate` [ RunTime:0.0227s ]
SQL: SELECT * FROM `dong_newscreate`  [ RunTime:0.0014s ]
INFO: [ view_parse ] --START--
INFO: [ template_filter ] --START--
INFO: Run Behavior\ContentReplaceBehavior [ RunTime:0.000229s ]
INFO: [ template_filter ] --END-- [ RunTime:0.000344s ]
INFO: Run Behavior\ParseTemplateBehavior [ RunTime:0.021305s ]
INFO: [ view_parse ] --END-- [ RunTime:0.021432s ]
INFO: [ view_filter ] --START--
INFO: Run Behavior\WriteHtmlCacheBehavior [ RunTime:0.000652s ]
INFO: [ view_filter ] --END-- [ RunTime:0.000750s ]
INFO: [ app_end ] --START--
INFO: Run Behavior\ShowPageTraceBehavior [ RunTime:0.000900s ]
INFO: [ app_end ] --END-- [ RunTime:0.000999s ]

